{"/workspaces/tempots-dom/src/dom-context.ts": {"path":"/workspaces/tempots-dom/src/dom-context.ts","statementMap":{"0":{"start":{"line":4,"column":2},"end":{"line":4,"column":null}},"1":{"start":{"line":4,"column":57},"end":{"line":4,"column":77}},"2":{"start":{"line":8,"column":21},"end":{"line":8,"column":38}},"3":{"start":{"line":10,"column":2},"end":{"line":12,"column":null}},"4":{"start":{"line":10,"column":15},"end":{"line":10,"column":16}},"5":{"start":{"line":11,"column":4},"end":{"line":11,"column":null}},"6":{"start":{"line":13,"column":2},"end":{"line":13,"column":null}},"7":{"start":{"line":19,"column":2},"end":{"line":19,"column":null}},"8":{"start":{"line":18,"column":0},"end":{"line":18,"column":16}},"9":{"start":{"line":27,"column":4},"end":{"line":27,"column":null}},"10":{"start":{"line":31,"column":21},"end":{"line":31,"column":39}},"11":{"start":{"line":32,"column":21},"end":{"line":32,"column":41}},"12":{"start":{"line":33,"column":21},"end":{"line":33,"column":48}},"13":{"start":{"line":34,"column":21},"end":{"line":34,"column":43}},"14":{"start":{"line":35,"column":21},"end":{"line":35,"column":41}},"15":{"start":{"line":39,"column":4},"end":{"line":48,"column":null}},"16":{"start":{"line":40,"column":6},"end":{"line":45,"column":null}},"17":{"start":{"line":42,"column":8},"end":{"line":42,"column":null}},"18":{"start":{"line":44,"column":8},"end":{"line":44,"column":null}},"19":{"start":{"line":47,"column":6},"end":{"line":47,"column":null}},"20":{"start":{"line":52,"column":4},"end":{"line":52,"column":null}},"21":{"start":{"line":56,"column":4},"end":{"line":56,"column":null}},"22":{"start":{"line":60,"column":21},"end":{"line":60,"column":53}},"23":{"start":{"line":61,"column":4},"end":{"line":61,"column":null}},"24":{"start":{"line":62,"column":4},"end":{"line":62,"column":null}},"25":{"start":{"line":66,"column":4},"end":{"line":75,"column":null}},"26":{"start":{"line":67,"column":17},"end":{"line":67,"column":56}},"27":{"start":{"line":68,"column":22},"end":{"line":68,"column":64}},"28":{"start":{"line":69,"column":6},"end":{"line":69,"column":null}},"29":{"start":{"line":70,"column":6},"end":{"line":70,"column":null}},"30":{"start":{"line":72,"column":22},"end":{"line":72,"column":58}},"31":{"start":{"line":73,"column":6},"end":{"line":73,"column":null}},"32":{"start":{"line":74,"column":6},"end":{"line":74,"column":null}},"33":{"start":{"line":79,"column":4},"end":{"line":79,"column":null}},"34":{"start":{"line":83,"column":4},"end":{"line":87,"column":null}},"35":{"start":{"line":84,"column":6},"end":{"line":84,"column":null}},"36":{"start":{"line":86,"column":6},"end":{"line":86,"column":null}},"37":{"start":{"line":91,"column":20},"end":{"line":91,"column":51}},"38":{"start":{"line":92,"column":4},"end":{"line":92,"column":null}},"39":{"start":{"line":93,"column":4},"end":{"line":102,"column":null}},"40":{"start":{"line":95,"column":8},"end":{"line":95,"column":null}},"41":{"start":{"line":98,"column":8},"end":{"line":100,"column":null}},"42":{"start":{"line":99,"column":10},"end":{"line":99,"column":null}},"43":{"start":{"line":106,"column":4},"end":{"line":106,"column":null}},"44":{"start":{"line":110,"column":4},"end":{"line":114,"column":null}},"45":{"start":{"line":111,"column":6},"end":{"line":111,"column":null}},"46":{"start":{"line":113,"column":6},"end":{"line":113,"column":null}},"47":{"start":{"line":118,"column":20},"end":{"line":118,"column":51}},"48":{"start":{"line":119,"column":4},"end":{"line":119,"column":null}},"49":{"start":{"line":120,"column":4},"end":{"line":129,"column":null}},"50":{"start":{"line":122,"column":8},"end":{"line":122,"column":null}},"51":{"start":{"line":125,"column":8},"end":{"line":127,"column":null}},"52":{"start":{"line":126,"column":10},"end":{"line":126,"column":null}},"53":{"start":{"line":133,"column":4},"end":{"line":133,"column":null}},"54":{"start":{"line":137,"column":4},"end":{"line":141,"column":null}},"55":{"start":{"line":138,"column":6},"end":{"line":138,"column":null}},"56":{"start":{"line":140,"column":6},"end":{"line":140,"column":null}},"57":{"start":{"line":145,"column":20},"end":{"line":145,"column":45}},"58":{"start":{"line":146,"column":4},"end":{"line":146,"column":null}},"59":{"start":{"line":147,"column":4},"end":{"line":156,"column":null}},"60":{"start":{"line":149,"column":8},"end":{"line":149,"column":null}},"61":{"start":{"line":152,"column":8},"end":{"line":154,"column":null}},"62":{"start":{"line":153,"column":10},"end":{"line":153,"column":null}},"63":{"start":{"line":160,"column":21},"end":{"line":160,"column":55}},"64":{"start":{"line":161,"column":4},"end":{"line":161,"column":null}},"65":{"start":{"line":162,"column":4},"end":{"line":171,"column":null}},"66":{"start":{"line":164,"column":8},"end":{"line":164,"column":null}},"67":{"start":{"line":167,"column":8},"end":{"line":169,"column":null}},"68":{"start":{"line":168,"column":10},"end":{"line":168,"column":null}},"69":{"start":{"line":175,"column":18},"end":{"line":175,"column":40}},"70":{"start":{"line":176,"column":4},"end":{"line":178,"column":null}},"71":{"start":{"line":177,"column":6},"end":{"line":177,"column":null}},"72":{"start":{"line":179,"column":4},"end":{"line":199,"column":null}},"73":{"start":{"line":181,"column":8},"end":{"line":183,"column":null}},"74":{"start":{"line":182,"column":10},"end":{"line":182,"column":null}},"75":{"start":{"line":184,"column":8},"end":{"line":184,"column":null}},"76":{"start":{"line":185,"column":8},"end":{"line":187,"column":null}},"77":{"start":{"line":186,"column":10},"end":{"line":186,"column":null}},"78":{"start":{"line":190,"column":8},"end":{"line":197,"column":null}},"79":{"start":{"line":191,"column":10},"end":{"line":196,"column":null}},"80":{"start":{"line":192,"column":12},"end":{"line":192,"column":null}},"81":{"start":{"line":193,"column":12},"end":{"line":195,"column":null}},"82":{"start":{"line":194,"column":14},"end":{"line":194,"column":null}},"83":{"start":{"line":203,"column":4},"end":{"line":203,"column":null}},"84":{"start":{"line":204,"column":4},"end":{"line":208,"column":null}},"85":{"start":{"line":205,"column":6},"end":{"line":207,"column":null}},"86":{"start":{"line":206,"column":8},"end":{"line":206,"column":null}},"87":{"start":{"line":211,"column":94},"end":{"line":211,"column":96}},"88":{"start":{"line":213,"column":4},"end":{"line":213,"column":null}},"89":{"start":{"line":214,"column":4},"end":{"line":216,"column":null}},"90":{"start":{"line":220,"column":4},"end":{"line":234,"column":null}},"91":{"start":{"line":221,"column":6},"end":{"line":221,"column":null}},"92":{"start":{"line":222,"column":6},"end":{"line":222,"column":null}},"93":{"start":{"line":224,"column":18},"end":{"line":224,"column":63}},"94":{"start":{"line":225,"column":29},"end":{"line":231,"column":7}},"95":{"start":{"line":226,"column":8},"end":{"line":226,"column":null}},"96":{"start":{"line":227,"column":8},"end":{"line":230,"column":null}},"97":{"start":{"line":228,"column":10},"end":{"line":228,"column":null}},"98":{"start":{"line":229,"column":10},"end":{"line":229,"column":null}},"99":{"start":{"line":232,"column":6},"end":{"line":232,"column":null}},"100":{"start":{"line":232,"column":47},"end":{"line":232,"column":90}},"101":{"start":{"line":232,"column":69},"end":{"line":232,"column":87}},"102":{"start":{"line":233,"column":6},"end":{"line":233,"column":null}},"103":{"start":{"line":238,"column":4},"end":{"line":245,"column":null}},"104":{"start":{"line":239,"column":6},"end":{"line":244,"column":null}},"105":{"start":{"line":240,"column":8},"end":{"line":240,"column":null}},"106":{"start":{"line":242,"column":8},"end":{"line":242,"column":null}},"107":{"start":{"line":243,"column":8},"end":{"line":243,"column":null}},"108":{"start":{"line":249,"column":4},"end":{"line":252,"column":null}},"109":{"start":{"line":256,"column":4},"end":{"line":256,"column":null}},"110":{"start":{"line":260,"column":4},"end":{"line":264,"column":null}},"111":{"start":{"line":261,"column":6},"end":{"line":261,"column":null}},"112":{"start":{"line":263,"column":6},"end":{"line":263,"column":null}},"113":{"start":{"line":268,"column":20},"end":{"line":268,"column":61}},"114":{"start":{"line":269,"column":4},"end":{"line":269,"column":null}},"115":{"start":{"line":270,"column":4},"end":{"line":279,"column":null}},"116":{"start":{"line":272,"column":8},"end":{"line":272,"column":null}},"117":{"start":{"line":275,"column":8},"end":{"line":277,"column":null}},"118":{"start":{"line":276,"column":10},"end":{"line":276,"column":null}},"119":{"start":{"line":24,"column":0},"end":{"line":24,"column":13}}},"fnMap":{"0":{"name":"extractClassNames","decl":{"start":{"line":3,"column":9},"end":{"line":3,"column":26}},"loc":{"start":{"line":3,"column":38},"end":{"line":5,"column":1}}},"1":{"name":"(anonymous_1)","decl":{"start":{"line":4,"column":42},"end":{"line":4,"column":43}},"loc":{"start":{"line":4,"column":57},"end":{"line":4,"column":77}}},"2":{"name":"createIntegerSet","decl":{"start":{"line":7,"column":9},"end":{"line":7,"column":25}},"loc":{"start":{"line":7,"column":35},"end":{"line":14,"column":1}}},"3":{"name":"makeProviderMark","decl":{"start":{"line":18,"column":16},"end":{"line":18,"column":32}},"loc":{"start":{"line":18,"column":32},"end":{"line":20,"column":1}}},"4":{"name":"(anonymous_4)","decl":{"start":{"line":25,"column":2},"end":{"line":25,"column":8}},"loc":{"start":{"line":25,"column":32},"end":{"line":28,"column":3}}},"5":{"name":"(anonymous_5)","decl":{"start":{"line":30,"column":2},"end":{"line":30,"column":null}},"loc":{"start":{"line":35,"column":41},"end":{"line":36,"column":7}}},"6":{"name":"(anonymous_6)","decl":{"start":{"line":38,"column":2},"end":{"line":38,"column":8}},"loc":{"start":{"line":38,"column":19},"end":{"line":49,"column":3}}},"7":{"name":"(anonymous_7)","decl":{"start":{"line":51,"column":2},"end":{"line":51,"column":12}},"loc":{"start":{"line":51,"column":12},"end":{"line":53,"column":3}}},"8":{"name":"(anonymous_8)","decl":{"start":{"line":55,"column":2},"end":{"line":55,"column":13}},"loc":{"start":{"line":55,"column":13},"end":{"line":57,"column":3}}},"9":{"name":"(anonymous_9)","decl":{"start":{"line":59,"column":2},"end":{"line":59,"column":15}},"loc":{"start":{"line":59,"column":15},"end":{"line":63,"column":3}}},"10":{"name":"(anonymous_10)","decl":{"start":{"line":65,"column":2},"end":{"line":65,"column":13}},"loc":{"start":{"line":65,"column":29},"end":{"line":76,"column":3}}},"11":{"name":"(anonymous_11)","decl":{"start":{"line":78,"column":2},"end":{"line":78,"column":21}},"loc":{"start":{"line":78,"column":34},"end":{"line":80,"column":3}}},"12":{"name":"(anonymous_12)","decl":{"start":{"line":82,"column":2},"end":{"line":82,"column":21}},"loc":{"start":{"line":82,"column":50},"end":{"line":88,"column":3}}},"13":{"name":"(anonymous_13)","decl":{"start":{"line":90,"column":2},"end":{"line":90,"column":24}},"loc":{"start":{"line":90,"column":53},"end":{"line":103,"column":3}}},"14":{"name":"(anonymous_14)","decl":{"start":{"line":94,"column":6},"end":{"line":94,"column":7}},"loc":{"start":{"line":94,"column":28},"end":{"line":96,"column":7}}},"15":{"name":"(anonymous_15)","decl":{"start":{"line":97,"column":6},"end":{"line":97,"column":7}},"loc":{"start":{"line":97,"column":30},"end":{"line":101,"column":7}}},"16":{"name":"(anonymous_16)","decl":{"start":{"line":105,"column":2},"end":{"line":105,"column":14}},"loc":{"start":{"line":105,"column":27},"end":{"line":107,"column":3}}},"17":{"name":"(anonymous_17)","decl":{"start":{"line":109,"column":2},"end":{"line":109,"column":14}},"loc":{"start":{"line":109,"column":49},"end":{"line":115,"column":3}}},"18":{"name":"(anonymous_18)","decl":{"start":{"line":117,"column":2},"end":{"line":117,"column":17}},"loc":{"start":{"line":117,"column":45},"end":{"line":130,"column":3}}},"19":{"name":"(anonymous_19)","decl":{"start":{"line":121,"column":6},"end":{"line":121,"column":7}},"loc":{"start":{"line":121,"column":27},"end":{"line":123,"column":7}}},"20":{"name":"(anonymous_20)","decl":{"start":{"line":124,"column":6},"end":{"line":124,"column":7}},"loc":{"start":{"line":124,"column":30},"end":{"line":128,"column":7}}},"21":{"name":"(anonymous_21)","decl":{"start":{"line":132,"column":2},"end":{"line":132,"column":13}},"loc":{"start":{"line":132,"column":29},"end":{"line":134,"column":3}}},"22":{"name":"(anonymous_22)","decl":{"start":{"line":136,"column":2},"end":{"line":136,"column":13}},"loc":{"start":{"line":136,"column":39},"end":{"line":142,"column":3}}},"23":{"name":"(anonymous_23)","decl":{"start":{"line":144,"column":2},"end":{"line":144,"column":16}},"loc":{"start":{"line":144,"column":42},"end":{"line":157,"column":3}}},"24":{"name":"(anonymous_24)","decl":{"start":{"line":148,"column":6},"end":{"line":148,"column":7}},"loc":{"start":{"line":148,"column":22},"end":{"line":150,"column":7}}},"25":{"name":"(anonymous_25)","decl":{"start":{"line":151,"column":6},"end":{"line":151,"column":7}},"loc":{"start":{"line":151,"column":30},"end":{"line":155,"column":7}}},"26":{"name":"(anonymous_26)","decl":{"start":{"line":159,"column":2},"end":{"line":159,"column":12}},"loc":{"start":{"line":159,"column":25},"end":{"line":172,"column":3}}},"27":{"name":"(anonymous_27)","decl":{"start":{"line":163,"column":6},"end":{"line":163,"column":7}},"loc":{"start":{"line":163,"column":26},"end":{"line":165,"column":7}}},"28":{"name":"(anonymous_28)","decl":{"start":{"line":166,"column":6},"end":{"line":166,"column":7}},"loc":{"start":{"line":166,"column":30},"end":{"line":170,"column":7}}},"29":{"name":"(anonymous_29)","decl":{"start":{"line":174,"column":2},"end":{"line":174,"column":13}},"loc":{"start":{"line":174,"column":25},"end":{"line":200,"column":3}}},"30":{"name":"(anonymous_30)","decl":{"start":{"line":176,"column":20},"end":{"line":176,"column":21}},"loc":{"start":{"line":176,"column":34},"end":{"line":178,"column":5}}},"31":{"name":"(anonymous_31)","decl":{"start":{"line":180,"column":6},"end":{"line":180,"column":7}},"loc":{"start":{"line":180,"column":27},"end":{"line":188,"column":7}}},"32":{"name":"(anonymous_32)","decl":{"start":{"line":181,"column":24},"end":{"line":181,"column":25}},"loc":{"start":{"line":181,"column":38},"end":{"line":183,"column":9}}},"33":{"name":"(anonymous_33)","decl":{"start":{"line":185,"column":24},"end":{"line":185,"column":25}},"loc":{"start":{"line":185,"column":38},"end":{"line":187,"column":9}}},"34":{"name":"(anonymous_34)","decl":{"start":{"line":189,"column":6},"end":{"line":189,"column":7}},"loc":{"start":{"line":189,"column":30},"end":{"line":198,"column":7}}},"35":{"name":"(anonymous_35)","decl":{"start":{"line":191,"column":26},"end":{"line":191,"column":27}},"loc":{"start":{"line":191,"column":40},"end":{"line":196,"column":11}}},"36":{"name":"(anonymous_36)","decl":{"start":{"line":202,"column":2},"end":{"line":202,"column":15}},"loc":{"start":{"line":202,"column":60},"end":{"line":209,"column":3}}},"37":{"name":"(anonymous_37)","decl":{"start":{"line":204,"column":11},"end":{"line":204,"column":12}},"loc":{"start":{"line":204,"column":35},"end":{"line":208,"column":5}}},"38":{"name":"(anonymous_38)","decl":{"start":{"line":212,"column":2},"end":{"line":212,"column":12}},"loc":{"start":{"line":212,"column":64},"end":{"line":217,"column":3}}},"39":{"name":"(anonymous_39)","decl":{"start":{"line":214,"column":11},"end":{"line":214,"column":12}},"loc":{"start":{"line":214,"column":26},"end":{"line":216,"column":5}}},"40":{"name":"(anonymous_40)","decl":{"start":{"line":219,"column":2},"end":{"line":219,"column":14}},"loc":{"start":{"line":219,"column":57},"end":{"line":235,"column":3}}},"41":{"name":"(anonymous_41)","decl":{"start":{"line":225,"column":29},"end":{"line":225,"column":30}},"loc":{"start":{"line":225,"column":53},"end":{"line":231,"column":7}}},"42":{"name":"(anonymous_42)","decl":{"start":{"line":232,"column":35},"end":{"line":232,"column":36}},"loc":{"start":{"line":232,"column":44},"end":{"line":232,"column":91}}},"43":{"name":"(anonymous_43)","decl":{"start":{"line":232,"column":61},"end":{"line":232,"column":64}},"loc":{"start":{"line":232,"column":66},"end":{"line":232,"column":88}}},"44":{"name":"(anonymous_44)","decl":{"start":{"line":237,"column":10},"end":{"line":237,"column":15}},"loc":{"start":{"line":237,"column":35},"end":{"line":246,"column":3}}},"45":{"name":"(anonymous_45)","decl":{"start":{"line":248,"column":2},"end":{"line":248,"column":14}},"loc":{"start":{"line":248,"column":52},"end":{"line":253,"column":3}}},"46":{"name":"(anonymous_46)","decl":{"start":{"line":255,"column":2},"end":{"line":255,"column":13}},"loc":{"start":{"line":255,"column":38},"end":{"line":257,"column":3}}},"47":{"name":"(anonymous_47)","decl":{"start":{"line":259,"column":2},"end":{"line":259,"column":10}},"loc":{"start":{"line":259,"column":57},"end":{"line":265,"column":3}}},"48":{"name":"(anonymous_48)","decl":{"start":{"line":267,"column":2},"end":{"line":267,"column":13}},"loc":{"start":{"line":267,"column":60},"end":{"line":280,"column":3}}},"49":{"name":"(anonymous_49)","decl":{"start":{"line":271,"column":6},"end":{"line":271,"column":7}},"loc":{"start":{"line":271,"column":27},"end":{"line":273,"column":7}}},"50":{"name":"(anonymous_50)","decl":{"start":{"line":274,"column":6},"end":{"line":274,"column":7}},"loc":{"start":{"line":274,"column":30},"end":{"line":278,"column":7}}}},"branchMap":{"0":{"loc":{"start":{"line":4,"column":10},"end":{"line":4,"column":19}},"type":"binary-expr","locations":[{"start":{"line":4,"column":10},"end":{"line":4,"column":13}},{"start":{"line":4,"column":17},"end":{"line":4,"column":19}}]},"1":{"loc":{"start":{"line":39,"column":4},"end":{"line":48,"column":null}},"type":"if","locations":[{"start":{"line":39,"column":4},"end":{"line":48,"column":null}},{"start":{"line":46,"column":11},"end":{"line":48,"column":null}}]},"2":{"loc":{"start":{"line":66,"column":4},"end":{"line":75,"column":null}},"type":"if","locations":[{"start":{"line":66,"column":4},"end":{"line":75,"column":null}},{"start":{"line":71,"column":11},"end":{"line":75,"column":null}}]},"3":{"loc":{"start":{"line":66,"column":8},"end":{"line":66,"column":50}},"type":"binary-expr","locations":[{"start":{"line":66,"column":8},"end":{"line":66,"column":29}},{"start":{"line":66,"column":33},"end":{"line":66,"column":50}}]},"4":{"loc":{"start":{"line":67,"column":17},"end":{"line":67,"column":56}},"type":"binary-expr","locations":[{"start":{"line":67,"column":17},"end":{"line":67,"column":24}},{"start":{"line":67,"column":28},"end":{"line":67,"column":56}}]},"5":{"loc":{"start":{"line":83,"column":4},"end":{"line":87,"column":null}},"type":"if","locations":[{"start":{"line":83,"column":4},"end":{"line":87,"column":null}},{"start":{"line":85,"column":11},"end":{"line":87,"column":null}}]},"6":{"loc":{"start":{"line":98,"column":8},"end":{"line":100,"column":null}},"type":"if","locations":[{"start":{"line":98,"column":8},"end":{"line":100,"column":null}}]},"7":{"loc":{"start":{"line":110,"column":4},"end":{"line":114,"column":null}},"type":"if","locations":[{"start":{"line":110,"column":4},"end":{"line":114,"column":null}},{"start":{"line":112,"column":11},"end":{"line":114,"column":null}}]},"8":{"loc":{"start":{"line":125,"column":8},"end":{"line":127,"column":null}},"type":"if","locations":[{"start":{"line":125,"column":8},"end":{"line":127,"column":null}}]},"9":{"loc":{"start":{"line":137,"column":4},"end":{"line":141,"column":null}},"type":"if","locations":[{"start":{"line":137,"column":4},"end":{"line":141,"column":null}},{"start":{"line":139,"column":11},"end":{"line":141,"column":null}}]},"10":{"loc":{"start":{"line":152,"column":8},"end":{"line":154,"column":null}},"type":"if","locations":[{"start":{"line":152,"column":8},"end":{"line":154,"column":null}}]},"11":{"loc":{"start":{"line":167,"column":8},"end":{"line":169,"column":null}},"type":"if","locations":[{"start":{"line":167,"column":8},"end":{"line":169,"column":null}}]},"12":{"loc":{"start":{"line":190,"column":8},"end":{"line":197,"column":null}},"type":"if","locations":[{"start":{"line":190,"column":8},"end":{"line":197,"column":null}}]},"13":{"loc":{"start":{"line":193,"column":12},"end":{"line":195,"column":null}},"type":"if","locations":[{"start":{"line":193,"column":12},"end":{"line":195,"column":null}}]},"14":{"loc":{"start":{"line":205,"column":6},"end":{"line":207,"column":null}},"type":"if","locations":[{"start":{"line":205,"column":6},"end":{"line":207,"column":null}}]},"15":{"loc":{"start":{"line":220,"column":4},"end":{"line":234,"column":null}},"type":"if","locations":[{"start":{"line":220,"column":4},"end":{"line":234,"column":null}},{"start":{"line":223,"column":11},"end":{"line":234,"column":null}}]},"16":{"loc":{"start":{"line":227,"column":8},"end":{"line":230,"column":null}},"type":"if","locations":[{"start":{"line":227,"column":8},"end":{"line":230,"column":null}}]},"17":{"loc":{"start":{"line":238,"column":4},"end":{"line":245,"column":null}},"type":"if","locations":[{"start":{"line":238,"column":4},"end":{"line":245,"column":null}}]},"18":{"loc":{"start":{"line":239,"column":6},"end":{"line":244,"column":null}},"type":"if","locations":[{"start":{"line":239,"column":6},"end":{"line":244,"column":null}},{"start":{"line":241,"column":13},"end":{"line":244,"column":null}}]},"19":{"loc":{"start":{"line":260,"column":4},"end":{"line":264,"column":null}},"type":"if","locations":[{"start":{"line":260,"column":4},"end":{"line":264,"column":null}},{"start":{"line":262,"column":11},"end":{"line":264,"column":null}}]},"20":{"loc":{"start":{"line":275,"column":8},"end":{"line":277,"column":null}},"type":"if","locations":[{"start":{"line":275,"column":8},"end":{"line":277,"column":null}}]}},"s":{"0":2,"1":2,"2":2,"3":2,"4":2,"5":2,"6":2,"7":0,"8":9,"9":19,"10":55,"11":55,"12":55,"13":55,"14":55,"15":45,"16":20,"17":20,"18":2,"19":25,"20":19,"21":0,"22":21,"23":21,"24":21,"25":15,"26":0,"27":0,"28":0,"29":0,"30":15,"31":15,"32":15,"33":0,"34":2,"35":1,"36":1,"37":0,"38":0,"39":0,"40":0,"41":0,"42":0,"43":0,"44":2,"45":1,"46":1,"47":0,"48":0,"49":0,"50":0,"51":0,"52":0,"53":2,"54":2,"55":0,"56":2,"57":2,"58":2,"59":2,"60":0,"61":2,"62":0,"63":9,"64":9,"65":9,"66":0,"67":5,"68":0,"69":1,"70":1,"71":1,"72":1,"73":1,"74":1,"75":1,"76":1,"77":1,"78":1,"79":1,"80":1,"81":1,"82":1,"83":0,"84":0,"85":0,"86":0,"87":55,"88":2,"89":2,"90":14,"91":12,"92":12,"93":2,"94":2,"95":2,"96":2,"97":2,"98":2,"99":2,"100":2,"101":2,"102":2,"103":14,"104":14,"105":7,"106":7,"107":7,"108":0,"109":0,"110":0,"111":0,"112":0,"113":0,"114":0,"115":0,"116":0,"117":0,"118":0,"119":9},"f":{"0":2,"1":2,"2":2,"3":0,"4":19,"5":55,"6":45,"7":19,"8":0,"9":21,"10":15,"11":0,"12":2,"13":0,"14":0,"15":0,"16":0,"17":2,"18":0,"19":0,"20":0,"21":2,"22":2,"23":2,"24":0,"25":2,"26":9,"27":0,"28":5,"29":1,"30":1,"31":1,"32":1,"33":1,"34":1,"35":1,"36":0,"37":0,"38":2,"39":2,"40":14,"41":2,"42":2,"43":2,"44":14,"45":0,"46":0,"47":0,"48":0,"49":0,"50":0},"b":{"0":[2,0],"1":[20,25],"2":[0,15],"3":[15,15],"4":[0,0],"5":[1,1],"6":[0],"7":[1,1],"8":[0],"9":[0,2],"10":[0],"11":[0],"12":[1],"13":[1],"14":[0],"15":[12,2],"16":[2],"17":[14],"18":[7,7],"19":[0,0],"20":[0]}}
,"/workspaces/tempots-dom/src/index.ts": {"path":"/workspaces/tempots-dom/src/index.ts","statementMap":{"0":{"start":{"line":2,"column":0},"end":{"line":2,"column":9}},"1":{"start":{"line":58,"column":2},"end":{"line":2,"column":27}},"2":{"start":{"line":45,"column":2},"end":{"line":2,"column":79}},"3":{"start":{"line":3,"column":0},"end":{"line":3,"column":9}},"4":{"start":{"line":65,"column":2},"end":{"line":3,"column":15}},"5":{"start":{"line":71,"column":2},"end":{"line":3,"column":37}},"6":{"start":{"line":4,"column":0},"end":{"line":4,"column":9}},"7":{"start":{"line":68,"column":2},"end":{"line":4,"column":33}},"8":{"start":{"line":6,"column":0},"end":{"line":6,"column":9}},"9":{"start":{"line":56,"column":2},"end":{"line":6,"column":59}},"10":{"start":{"line":7,"column":0},"end":{"line":7,"column":9}},"11":{"start":{"line":51,"column":2},"end":{"line":7,"column":61}},"12":{"start":{"line":8,"column":0},"end":{"line":8,"column":9}},"13":{"start":{"line":52,"column":2},"end":{"line":8,"column":65}},"14":{"start":{"line":9,"column":0},"end":{"line":9,"column":21}},"15":{"start":{"line":39,"column":2},"end":{"line":9,"column":54}},"16":{"start":{"line":39,"column":35},"end":{"line":9,"column":83}},"17":{"start":{"line":39,"column":64},"end":{"line":9,"column":104}},"18":{"start":{"line":39,"column":85},"end":{"line":9,"column":121}},"19":{"start":{"line":39,"column":102},"end":{"line":9,"column":148}},"20":{"start":{"line":39,"column":129},"end":{"line":9,"column":202}},"21":{"start":{"line":11,"column":0},"end":{"line":11,"column":9}},"22":{"start":{"line":41,"column":2},"end":{"line":11,"column":24}},"23":{"start":{"line":41,"column":17},"end":{"line":11,"column":86}},"24":{"start":{"line":12,"column":0},"end":{"line":12,"column":9}},"25":{"start":{"line":42,"column":2},"end":{"line":12,"column":31}},"26":{"start":{"line":42,"column":24},"end":{"line":12,"column":114}},"27":{"start":{"line":13,"column":0},"end":{"line":13,"column":9}},"28":{"start":{"line":43,"column":2},"end":{"line":13,"column":24}},"29":{"start":{"line":43,"column":17},"end":{"line":13,"column":86}},"30":{"start":{"line":14,"column":0},"end":{"line":14,"column":9}},"31":{"start":{"line":44,"column":2},"end":{"line":14,"column":23}},"32":{"start":{"line":44,"column":16},"end":{"line":14,"column":53}},"33":{"start":{"line":67,"column":2},"end":{"line":14,"column":67}},"34":{"start":{"line":67,"column":16},"end":{"line":14,"column":126}},"35":{"start":{"line":15,"column":0},"end":{"line":15,"column":9}},"36":{"start":{"line":46,"column":2},"end":{"line":15,"column":17}},"37":{"start":{"line":46,"column":10},"end":{"line":15,"column":58}},"38":{"start":{"line":16,"column":0},"end":{"line":16,"column":9}},"39":{"start":{"line":47,"column":2},"end":{"line":16,"column":17}},"40":{"start":{"line":47,"column":10},"end":{"line":16,"column":69}},"41":{"start":{"line":17,"column":0},"end":{"line":17,"column":9}},"42":{"start":{"line":48,"column":2},"end":{"line":17,"column":18}},"43":{"start":{"line":48,"column":11},"end":{"line":17,"column":73}},"44":{"start":{"line":18,"column":0},"end":{"line":18,"column":9}},"45":{"start":{"line":49,"column":2},"end":{"line":18,"column":53}},"46":{"start":{"line":19,"column":0},"end":{"line":19,"column":9}},"47":{"start":{"line":50,"column":2},"end":{"line":19,"column":23}},"48":{"start":{"line":50,"column":16},"end":{"line":19,"column":62}},"49":{"start":{"line":20,"column":0},"end":{"line":20,"column":9}},"50":{"start":{"line":53,"column":2},"end":{"line":20,"column":30}},"51":{"start":{"line":53,"column":23},"end":{"line":20,"column":83}},"52":{"start":{"line":21,"column":0},"end":{"line":21,"column":9}},"53":{"start":{"line":54,"column":2},"end":{"line":21,"column":27}},"54":{"start":{"line":74,"column":2},"end":{"line":21,"column":35}},"55":{"start":{"line":75,"column":2},"end":{"line":21,"column":80}},"56":{"start":{"line":22,"column":0},"end":{"line":22,"column":9}},"57":{"start":{"line":55,"column":2},"end":{"line":22,"column":24}},"58":{"start":{"line":55,"column":17},"end":{"line":22,"column":86}},"59":{"start":{"line":23,"column":0},"end":{"line":23,"column":9}},"60":{"start":{"line":57,"column":2},"end":{"line":23,"column":20}},"61":{"start":{"line":57,"column":13},"end":{"line":23,"column":86}},"62":{"start":{"line":24,"column":0},"end":{"line":24,"column":9}},"63":{"start":{"line":59,"column":2},"end":{"line":24,"column":20}},"64":{"start":{"line":59,"column":13},"end":{"line":24,"column":70}},"65":{"start":{"line":25,"column":0},"end":{"line":25,"column":9}},"66":{"start":{"line":60,"column":2},"end":{"line":25,"column":68}},"67":{"start":{"line":26,"column":0},"end":{"line":26,"column":9}},"68":{"start":{"line":61,"column":2},"end":{"line":26,"column":17}},"69":{"start":{"line":61,"column":10},"end":{"line":26,"column":58}},"70":{"start":{"line":27,"column":0},"end":{"line":27,"column":9}},"71":{"start":{"line":62,"column":2},"end":{"line":27,"column":23}},"72":{"start":{"line":62,"column":16},"end":{"line":27,"column":82}},"73":{"start":{"line":28,"column":0},"end":{"line":28,"column":9}},"74":{"start":{"line":63,"column":2},"end":{"line":28,"column":20}},"75":{"start":{"line":63,"column":13},"end":{"line":28,"column":70}},"76":{"start":{"line":29,"column":0},"end":{"line":29,"column":9}},"77":{"start":{"line":64,"column":2},"end":{"line":29,"column":21}},"78":{"start":{"line":64,"column":14},"end":{"line":29,"column":74}},"79":{"start":{"line":30,"column":0},"end":{"line":30,"column":9}},"80":{"start":{"line":66,"column":2},"end":{"line":30,"column":23}},"81":{"start":{"line":66,"column":16},"end":{"line":30,"column":82}},"82":{"start":{"line":31,"column":0},"end":{"line":31,"column":9}},"83":{"start":{"line":69,"column":2},"end":{"line":31,"column":21}},"84":{"start":{"line":69,"column":14},"end":{"line":31,"column":74}},"85":{"start":{"line":32,"column":0},"end":{"line":32,"column":9}},"86":{"start":{"line":70,"column":2},"end":{"line":32,"column":19}},"87":{"start":{"line":70,"column":12},"end":{"line":32,"column":66}},"88":{"start":{"line":33,"column":0},"end":{"line":33,"column":9}},"89":{"start":{"line":72,"column":2},"end":{"line":33,"column":19}},"90":{"start":{"line":72,"column":12},"end":{"line":33,"column":66}},"91":{"start":{"line":34,"column":0},"end":{"line":34,"column":9}},"92":{"start":{"line":73,"column":2},"end":{"line":34,"column":26}},"93":{"start":{"line":73,"column":19},"end":{"line":34,"column":94}}},"fnMap":{"0":{"name":"(anonymous_0)","decl":{"start":{"line":58,"column":2},"end":{"line":58,"column":18}},"loc":{"start":{"line":58,"column":2},"end":{"line":2,"column":27}}},"1":{"name":"(anonymous_1)","decl":{"start":{"line":45,"column":2},"end":{"line":45,"column":12}},"loc":{"start":{"line":45,"column":2},"end":{"line":2,"column":79}}},"2":{"name":"(anonymous_2)","decl":{"start":{"line":65,"column":2},"end":{"line":65,"column":6}},"loc":{"start":{"line":65,"column":2},"end":{"line":3,"column":15}}},"3":{"name":"(anonymous_3)","decl":{"start":{"line":71,"column":2},"end":{"line":71,"column":8}},"loc":{"start":{"line":71,"column":2},"end":{"line":3,"column":37}}},"4":{"name":"(anonymous_4)","decl":{"start":{"line":68,"column":2},"end":{"line":68,"column":8}},"loc":{"start":{"line":68,"column":2},"end":{"line":4,"column":33}}},"5":{"name":"(anonymous_5)","decl":{"start":{"line":56,"column":2},"end":{"line":56,"column":16}},"loc":{"start":{"line":56,"column":2},"end":{"line":6,"column":59}}},"6":{"name":"(anonymous_6)","decl":{"start":{"line":51,"column":2},"end":{"line":51,"column":17}},"loc":{"start":{"line":51,"column":2},"end":{"line":7,"column":61}}},"7":{"name":"(anonymous_7)","decl":{"start":{"line":52,"column":2},"end":{"line":52,"column":19}},"loc":{"start":{"line":52,"column":2},"end":{"line":8,"column":65}}},"8":{"name":"(anonymous_8)","decl":{"start":{"line":39,"column":2},"end":{"line":39,"column":33}},"loc":{"start":{"line":39,"column":2},"end":{"line":9,"column":54}}},"9":{"name":"(anonymous_9)","decl":{"start":{"line":39,"column":35},"end":{"line":39,"column":62}},"loc":{"start":{"line":39,"column":35},"end":{"line":9,"column":83}}},"10":{"name":"(anonymous_10)","decl":{"start":{"line":39,"column":64},"end":{"line":39,"column":83}},"loc":{"start":{"line":39,"column":64},"end":{"line":9,"column":104}}},"11":{"name":"(anonymous_11)","decl":{"start":{"line":39,"column":85},"end":{"line":39,"column":100}},"loc":{"start":{"line":39,"column":85},"end":{"line":9,"column":121}}},"12":{"name":"(anonymous_12)","decl":{"start":{"line":39,"column":102},"end":{"line":39,"column":127}},"loc":{"start":{"line":39,"column":102},"end":{"line":9,"column":148}}},"13":{"name":"(anonymous_13)","decl":{"start":{"line":39,"column":129},"end":{"line":39,"column":150}},"loc":{"start":{"line":39,"column":129},"end":{"line":9,"column":202}}},"14":{"name":"(anonymous_14)","decl":{"start":{"line":41,"column":2},"end":{"line":41,"column":15}},"loc":{"start":{"line":41,"column":2},"end":{"line":11,"column":24}}},"15":{"name":"(anonymous_15)","decl":{"start":{"line":41,"column":17},"end":{"line":41,"column":26}},"loc":{"start":{"line":41,"column":17},"end":{"line":11,"column":86}}},"16":{"name":"(anonymous_16)","decl":{"start":{"line":42,"column":2},"end":{"line":42,"column":22}},"loc":{"start":{"line":42,"column":2},"end":{"line":12,"column":31}}},"17":{"name":"(anonymous_17)","decl":{"start":{"line":42,"column":24},"end":{"line":42,"column":40}},"loc":{"start":{"line":42,"column":24},"end":{"line":12,"column":114}}},"18":{"name":"(anonymous_18)","decl":{"start":{"line":43,"column":2},"end":{"line":43,"column":15}},"loc":{"start":{"line":43,"column":2},"end":{"line":13,"column":24}}},"19":{"name":"(anonymous_19)","decl":{"start":{"line":43,"column":17},"end":{"line":43,"column":26}},"loc":{"start":{"line":43,"column":17},"end":{"line":13,"column":86}}},"20":{"name":"(anonymous_20)","decl":{"start":{"line":44,"column":2},"end":{"line":44,"column":14}},"loc":{"start":{"line":44,"column":2},"end":{"line":14,"column":23}}},"21":{"name":"(anonymous_21)","decl":{"start":{"line":44,"column":16},"end":{"line":44,"column":24}},"loc":{"start":{"line":44,"column":16},"end":{"line":14,"column":53}}},"22":{"name":"(anonymous_22)","decl":{"start":{"line":67,"column":2},"end":{"line":67,"column":14}},"loc":{"start":{"line":67,"column":2},"end":{"line":14,"column":67}}},"23":{"name":"(anonymous_23)","decl":{"start":{"line":67,"column":16},"end":{"line":67,"column":24}},"loc":{"start":{"line":67,"column":16},"end":{"line":14,"column":126}}},"24":{"name":"(anonymous_24)","decl":{"start":{"line":46,"column":2},"end":{"line":46,"column":8}},"loc":{"start":{"line":46,"column":2},"end":{"line":15,"column":17}}},"25":{"name":"(anonymous_25)","decl":{"start":{"line":46,"column":10},"end":{"line":46,"column":12}},"loc":{"start":{"line":46,"column":10},"end":{"line":15,"column":58}}},"26":{"name":"(anonymous_26)","decl":{"start":{"line":47,"column":2},"end":{"line":47,"column":8}},"loc":{"start":{"line":47,"column":2},"end":{"line":16,"column":17}}},"27":{"name":"(anonymous_27)","decl":{"start":{"line":47,"column":10},"end":{"line":47,"column":20}},"loc":{"start":{"line":47,"column":10},"end":{"line":16,"column":69}}},"28":{"name":"(anonymous_28)","decl":{"start":{"line":48,"column":2},"end":{"line":48,"column":9}},"loc":{"start":{"line":48,"column":2},"end":{"line":17,"column":18}}},"29":{"name":"(anonymous_29)","decl":{"start":{"line":48,"column":11},"end":{"line":48,"column":22}},"loc":{"start":{"line":48,"column":11},"end":{"line":17,"column":73}}},"30":{"name":"(anonymous_30)","decl":{"start":{"line":49,"column":2},"end":{"line":49,"column":5}},"loc":{"start":{"line":49,"column":2},"end":{"line":18,"column":53}}},"31":{"name":"(anonymous_31)","decl":{"start":{"line":50,"column":2},"end":{"line":50,"column":14}},"loc":{"start":{"line":50,"column":2},"end":{"line":19,"column":23}}},"32":{"name":"(anonymous_32)","decl":{"start":{"line":50,"column":16},"end":{"line":50,"column":24}},"loc":{"start":{"line":50,"column":16},"end":{"line":19,"column":62}}},"33":{"name":"(anonymous_33)","decl":{"start":{"line":53,"column":2},"end":{"line":53,"column":21}},"loc":{"start":{"line":53,"column":2},"end":{"line":20,"column":30}}},"34":{"name":"(anonymous_34)","decl":{"start":{"line":53,"column":23},"end":{"line":53,"column":38}},"loc":{"start":{"line":53,"column":23},"end":{"line":20,"column":83}}},"35":{"name":"(anonymous_35)","decl":{"start":{"line":54,"column":2},"end":{"line":54,"column":4}},"loc":{"start":{"line":54,"column":2},"end":{"line":21,"column":27}}},"36":{"name":"(anonymous_36)","decl":{"start":{"line":74,"column":2},"end":{"line":74,"column":8}},"loc":{"start":{"line":74,"column":2},"end":{"line":21,"column":35}}},"37":{"name":"(anonymous_37)","decl":{"start":{"line":75,"column":2},"end":{"line":75,"column":6}},"loc":{"start":{"line":75,"column":2},"end":{"line":21,"column":80}}},"38":{"name":"(anonymous_38)","decl":{"start":{"line":55,"column":2},"end":{"line":55,"column":15}},"loc":{"start":{"line":55,"column":2},"end":{"line":22,"column":24}}},"39":{"name":"(anonymous_39)","decl":{"start":{"line":55,"column":17},"end":{"line":55,"column":26}},"loc":{"start":{"line":55,"column":17},"end":{"line":22,"column":86}}},"40":{"name":"(anonymous_40)","decl":{"start":{"line":57,"column":2},"end":{"line":57,"column":11}},"loc":{"start":{"line":57,"column":2},"end":{"line":23,"column":20}}},"41":{"name":"(anonymous_41)","decl":{"start":{"line":57,"column":13},"end":{"line":57,"column":26}},"loc":{"start":{"line":57,"column":13},"end":{"line":23,"column":86}}},"42":{"name":"(anonymous_42)","decl":{"start":{"line":59,"column":2},"end":{"line":59,"column":11}},"loc":{"start":{"line":59,"column":2},"end":{"line":24,"column":20}}},"43":{"name":"(anonymous_43)","decl":{"start":{"line":59,"column":13},"end":{"line":59,"column":18}},"loc":{"start":{"line":59,"column":13},"end":{"line":24,"column":70}}},"44":{"name":"(anonymous_44)","decl":{"start":{"line":60,"column":2},"end":{"line":60,"column":10}},"loc":{"start":{"line":60,"column":2},"end":{"line":25,"column":68}}},"45":{"name":"(anonymous_45)","decl":{"start":{"line":61,"column":2},"end":{"line":61,"column":8}},"loc":{"start":{"line":61,"column":2},"end":{"line":26,"column":17}}},"46":{"name":"(anonymous_46)","decl":{"start":{"line":61,"column":10},"end":{"line":61,"column":12}},"loc":{"start":{"line":61,"column":10},"end":{"line":26,"column":58}}},"47":{"name":"(anonymous_47)","decl":{"start":{"line":62,"column":2},"end":{"line":62,"column":14}},"loc":{"start":{"line":62,"column":2},"end":{"line":27,"column":23}}},"48":{"name":"(anonymous_48)","decl":{"start":{"line":62,"column":16},"end":{"line":62,"column":24}},"loc":{"start":{"line":62,"column":16},"end":{"line":27,"column":82}}},"49":{"name":"(anonymous_49)","decl":{"start":{"line":63,"column":2},"end":{"line":63,"column":11}},"loc":{"start":{"line":63,"column":2},"end":{"line":28,"column":20}}},"50":{"name":"(anonymous_50)","decl":{"start":{"line":63,"column":13},"end":{"line":63,"column":18}},"loc":{"start":{"line":63,"column":13},"end":{"line":28,"column":70}}},"51":{"name":"(anonymous_51)","decl":{"start":{"line":64,"column":2},"end":{"line":64,"column":12}},"loc":{"start":{"line":64,"column":2},"end":{"line":29,"column":21}}},"52":{"name":"(anonymous_52)","decl":{"start":{"line":64,"column":14},"end":{"line":64,"column":20}},"loc":{"start":{"line":64,"column":14},"end":{"line":29,"column":74}}},"53":{"name":"(anonymous_53)","decl":{"start":{"line":66,"column":2},"end":{"line":66,"column":14}},"loc":{"start":{"line":66,"column":2},"end":{"line":30,"column":23}}},"54":{"name":"(anonymous_54)","decl":{"start":{"line":66,"column":16},"end":{"line":66,"column":24}},"loc":{"start":{"line":66,"column":16},"end":{"line":30,"column":82}}},"55":{"name":"(anonymous_55)","decl":{"start":{"line":69,"column":2},"end":{"line":69,"column":12}},"loc":{"start":{"line":69,"column":2},"end":{"line":31,"column":21}}},"56":{"name":"(anonymous_56)","decl":{"start":{"line":69,"column":14},"end":{"line":69,"column":20}},"loc":{"start":{"line":69,"column":14},"end":{"line":31,"column":74}}},"57":{"name":"(anonymous_57)","decl":{"start":{"line":70,"column":2},"end":{"line":70,"column":10}},"loc":{"start":{"line":70,"column":2},"end":{"line":32,"column":19}}},"58":{"name":"(anonymous_58)","decl":{"start":{"line":70,"column":12},"end":{"line":70,"column":16}},"loc":{"start":{"line":70,"column":12},"end":{"line":32,"column":66}}},"59":{"name":"(anonymous_59)","decl":{"start":{"line":72,"column":2},"end":{"line":72,"column":10}},"loc":{"start":{"line":72,"column":2},"end":{"line":33,"column":19}}},"60":{"name":"(anonymous_60)","decl":{"start":{"line":72,"column":12},"end":{"line":72,"column":16}},"loc":{"start":{"line":72,"column":12},"end":{"line":33,"column":66}}},"61":{"name":"(anonymous_61)","decl":{"start":{"line":73,"column":2},"end":{"line":73,"column":17}},"loc":{"start":{"line":73,"column":2},"end":{"line":34,"column":26}}},"62":{"name":"(anonymous_62)","decl":{"start":{"line":73,"column":19},"end":{"line":73,"column":30}},"loc":{"start":{"line":73,"column":19},"end":{"line":34,"column":94}}}},"branchMap":{},"s":{"0":8,"1":8,"2":9,"3":8,"4":22,"5":8,"6":8,"7":23,"8":8,"9":8,"10":8,"11":8,"12":8,"13":8,"14":8,"15":8,"16":8,"17":8,"18":8,"19":8,"20":8,"21":8,"22":8,"23":8,"24":8,"25":8,"26":8,"27":8,"28":8,"29":8,"30":8,"31":8,"32":8,"33":8,"34":8,"35":8,"36":8,"37":8,"38":8,"39":10,"40":8,"41":8,"42":10,"43":8,"44":8,"45":8,"46":8,"47":8,"48":8,"49":8,"50":8,"51":8,"52":8,"53":10,"54":9,"55":12,"56":8,"57":8,"58":11,"59":8,"60":8,"61":8,"62":8,"63":8,"64":8,"65":8,"66":8,"67":8,"68":8,"69":8,"70":8,"71":8,"72":8,"73":8,"74":8,"75":8,"76":8,"77":8,"78":8,"79":8,"80":8,"81":8,"82":8,"83":8,"84":8,"85":8,"86":8,"87":8,"88":8,"89":8,"90":8,"91":8,"92":8,"93":11},"f":{"0":0,"1":1,"2":14,"3":0,"4":15,"5":0,"6":0,"7":0,"8":0,"9":0,"10":0,"11":0,"12":0,"13":0,"14":0,"15":0,"16":0,"17":0,"18":0,"19":0,"20":0,"21":0,"22":0,"23":0,"24":0,"25":0,"26":2,"27":0,"28":2,"29":0,"30":0,"31":0,"32":0,"33":0,"34":0,"35":2,"36":1,"37":4,"38":0,"39":3,"40":0,"41":0,"42":0,"43":0,"44":0,"45":0,"46":0,"47":0,"48":0,"49":0,"50":0,"51":0,"52":0,"53":0,"54":0,"55":0,"56":0,"57":0,"58":0,"59":0,"60":0,"61":0,"62":3},"b":{}}
,"/workspaces/tempots-dom/src/components/El.ts": {"path":"/workspaces/tempots-dom/src/components/El.ts","statementMap":{"0":{"start":{"line":5,"column":0},"end":{"line":5,"column":48}},"1":{"start":{"line":8,"column":31},"end":{"line":8,"column":46}},"2":{"start":{"line":8,"column":65},"end":{"line":8,"column":87}},"3":{"start":{"line":9,"column":22},"end":{"line":17,"column":3}},"4":{"start":{"line":10,"column":19},"end":{"line":10,"column":48}},"5":{"start":{"line":11,"column":19},"end":{"line":11,"column":69}},"6":{"start":{"line":11,"column":46},"end":{"line":11,"column":68}},"7":{"start":{"line":12,"column":4},"end":{"line":16,"column":null}},"8":{"start":{"line":13,"column":6},"end":{"line":15,"column":null}},"9":{"start":{"line":14,"column":8},"end":{"line":14,"column":null}},"10":{"start":{"line":14,"column":34},"end":{"line":14,"column":47}},"11":{"start":{"line":7,"column":0},"end":{"line":7,"column":13}},"12":{"start":{"line":26,"column":2},"end":{"line":26,"column":null}},"13":{"start":{"line":25,"column":0},"end":{"line":25,"column":16}}},"fnMap":{"0":{"name":"(anonymous_0)","decl":{"start":{"line":8,"column":2},"end":{"line":8,"column":31}},"loc":{"start":{"line":8,"column":87},"end":{"line":8,"column":92}}},"1":{"name":"(anonymous_1)","decl":{"start":{"line":9,"column":22},"end":{"line":9,"column":23}},"loc":{"start":{"line":9,"column":49},"end":{"line":17,"column":3}}},"2":{"name":"(anonymous_2)","decl":{"start":{"line":11,"column":37},"end":{"line":11,"column":42}},"loc":{"start":{"line":11,"column":46},"end":{"line":11,"column":68}}},"3":{"name":"(anonymous_3)","decl":{"start":{"line":12,"column":11},"end":{"line":12,"column":12}},"loc":{"start":{"line":12,"column":35},"end":{"line":16,"column":5}}},"4":{"name":"(anonymous_4)","decl":{"start":{"line":13,"column":38},"end":{"line":13,"column":41}},"loc":{"start":{"line":13,"column":43},"end":{"line":15,"column":7}}},"5":{"name":"(anonymous_5)","decl":{"start":{"line":14,"column":23},"end":{"line":14,"column":28}},"loc":{"start":{"line":14,"column":31},"end":{"line":14,"column":48}}},"6":{"name":"El","decl":{"start":{"line":25,"column":16},"end":{"line":25,"column":18}},"loc":{"start":{"line":25,"column":49},"end":{"line":27,"column":1}}}},"branchMap":{},"s":{"0":8,"1":15,"2":15,"3":15,"4":15,"5":15,"6":19,"7":15,"8":7,"9":7,"10":9,"11":8,"12":0,"13":8},"f":{"0":15,"1":15,"2":19,"3":7,"4":7,"5":9,"6":0},"b":{}}
,"/workspaces/tempots-dom/src/components/FadeOut.ts": {"path":"/workspaces/tempots-dom/src/components/FadeOut.ts","statementMap":{"0":{"start":{"line":4,"column":0},"end":{"line":4,"column":93}},"1":{"start":{"line":8,"column":21},"end":{"line":8,"column":36}},"2":{"start":{"line":9,"column":21},"end":{"line":9,"column":37}},"3":{"start":{"line":10,"column":21},"end":{"line":10,"column":34}},"4":{"start":{"line":14,"column":15},"end":{"line":14,"column":31}},"5":{"start":{"line":15,"column":30},"end":{"line":15,"column":34}},"6":{"start":{"line":17,"column":4},"end":{"line":35,"column":null}},"7":{"start":{"line":18,"column":20},"end":{"line":18,"column":55}},"8":{"start":{"line":19,"column":24},"end":{"line":19,"column":47}},"9":{"start":{"line":21,"column":20},"end":{"line":21,"column":30}},"10":{"start":{"line":22,"column":8},"end":{"line":25,"column":null}},"11":{"start":{"line":23,"column":10},"end":{"line":23,"column":null}},"12":{"start":{"line":24,"column":10},"end":{"line":24,"column":16}},"13":{"start":{"line":26,"column":25},"end":{"line":26,"column":66}},"14":{"start":{"line":27,"column":8},"end":{"line":27,"column":null}},"15":{"start":{"line":28,"column":8},"end":{"line":32,"column":null}},"16":{"start":{"line":29,"column":10},"end":{"line":29,"column":null}},"17":{"start":{"line":31,"column":10},"end":{"line":31,"column":null}},"18":{"start":{"line":34,"column":6},"end":{"line":34,"column":null}},"19":{"start":{"line":6,"column":0},"end":{"line":6,"column":13}},"20":{"start":{"line":45,"column":38},"end":{"line":45,"column":43}},"21":{"start":{"line":46,"column":2},"end":{"line":46,"column":null}},"22":{"start":{"line":44,"column":0},"end":{"line":44,"column":16}}},"fnMap":{"0":{"name":"(anonymous_0)","decl":{"start":{"line":7,"column":2},"end":{"line":7,"column":null}},"loc":{"start":{"line":10,"column":34},"end":{"line":11,"column":7}}},"1":{"name":"(anonymous_1)","decl":{"start":{"line":13,"column":2},"end":{"line":13,"column":10}},"loc":{"start":{"line":13,"column":26},"end":{"line":36,"column":3}}},"2":{"name":"(anonymous_2)","decl":{"start":{"line":17,"column":26},"end":{"line":17,"column":27}},"loc":{"start":{"line":17,"column":48},"end":{"line":35,"column":5}}},"3":{"name":"frame","decl":{"start":{"line":20,"column":15},"end":{"line":20,"column":20}},"loc":{"start":{"line":20,"column":20},"end":{"line":33,"column":7}}},"4":{"name":"FadeOut","decl":{"start":{"line":44,"column":16},"end":{"line":44,"column":23}},"loc":{"start":{"line":44,"column":43},"end":{"line":47,"column":1}}}},"branchMap":{"0":{"loc":{"start":{"line":22,"column":8},"end":{"line":25,"column":null}},"type":"if","locations":[{"start":{"line":22,"column":8},"end":{"line":25,"column":null}}]},"1":{"loc":{"start":{"line":28,"column":8},"end":{"line":32,"column":null}},"type":"if","locations":[{"start":{"line":28,"column":8},"end":{"line":32,"column":null}},{"start":{"line":30,"column":15},"end":{"line":32,"column":null}}]},"2":{"loc":{"start":{"line":46,"column":30},"end":{"line":46,"column":45}},"type":"binary-expr","locations":[{"start":{"line":46,"column":30},"end":{"line":46,"column":38}},{"start":{"line":46,"column":42},"end":{"line":46,"column":45}}]},"3":{"loc":{"start":{"line":46,"column":47},"end":{"line":46,"column":57}},"type":"binary-expr","locations":[{"start":{"line":46,"column":47},"end":{"line":46,"column":52}},{"start":{"line":46,"column":56},"end":{"line":46,"column":57}}]}},"s":{"0":8,"1":2,"2":2,"3":2,"4":2,"5":2,"6":2,"7":2,"8":2,"9":21,"10":21,"11":8,"12":8,"13":13,"14":13,"15":13,"16":11,"17":2,"18":2,"19":8,"20":2,"21":2,"22":8},"f":{"0":2,"1":2,"2":2,"3":21,"4":2},"b":{"0":[8],"1":[11,2],"2":[2,0],"3":[2,1]}}
,"/workspaces/tempots-dom/src/components/If.ts": {"path":"/workspaces/tempots-dom/src/components/If.ts","statementMap":{"0":{"start":{"line":3,"column":0},"end":{"line":3,"column":35}},"1":{"start":{"line":12,"column":2},"end":{"line":18,"column":null}},"2":{"start":{"line":13,"column":16},"end":{"line":13,"column":69}},"3":{"start":{"line":15,"column":15},"end":{"line":15,"column":19}},"4":{"start":{"line":16,"column":15},"end":{"line":16,"column":24}},"5":{"start":{"line":11,"column":0},"end":{"line":11,"column":16}},"6":{"start":{"line":27,"column":2},"end":{"line":33,"column":null}},"7":{"start":{"line":28,"column":16},"end":{"line":28,"column":69}},"8":{"start":{"line":30,"column":15},"end":{"line":30,"column":23}},"9":{"start":{"line":31,"column":15},"end":{"line":31,"column":19}},"10":{"start":{"line":26,"column":0},"end":{"line":26,"column":16}},"11":{"start":{"line":37,"column":2},"end":{"line":43,"column":null}},"12":{"start":{"line":38,"column":16},"end":{"line":38,"column":69}},"13":{"start":{"line":40,"column":15},"end":{"line":40,"column":19}},"14":{"start":{"line":41,"column":15},"end":{"line":41,"column":23}},"15":{"start":{"line":36,"column":0},"end":{"line":36,"column":16}}},"fnMap":{"0":{"name":"If","decl":{"start":{"line":11,"column":16},"end":{"line":11,"column":18}},"loc":{"start":{"line":11,"column":51},"end":{"line":19,"column":1}}},"1":{"name":"(anonymous_1)","decl":{"start":{"line":13,"column":11},"end":{"line":13,"column":12}},"loc":{"start":{"line":13,"column":16},"end":{"line":13,"column":69}}},"2":{"name":"(anonymous_2)","decl":{"start":{"line":15,"column":9},"end":{"line":15,"column":12}},"loc":{"start":{"line":15,"column":15},"end":{"line":15,"column":19}}},"3":{"name":"(anonymous_3)","decl":{"start":{"line":16,"column":9},"end":{"line":16,"column":12}},"loc":{"start":{"line":16,"column":15},"end":{"line":16,"column":24}}},"4":{"name":"When","decl":{"start":{"line":26,"column":16},"end":{"line":26,"column":20}},"loc":{"start":{"line":26,"column":48},"end":{"line":34,"column":1}}},"5":{"name":"(anonymous_5)","decl":{"start":{"line":28,"column":11},"end":{"line":28,"column":12}},"loc":{"start":{"line":28,"column":16},"end":{"line":28,"column":69}}},"6":{"name":"(anonymous_6)","decl":{"start":{"line":30,"column":9},"end":{"line":30,"column":12}},"loc":{"start":{"line":30,"column":15},"end":{"line":30,"column":23}}},"7":{"name":"(anonymous_7)","decl":{"start":{"line":31,"column":9},"end":{"line":31,"column":12}},"loc":{"start":{"line":31,"column":15},"end":{"line":31,"column":19}}},"8":{"name":"Unless","decl":{"start":{"line":36,"column":16},"end":{"line":36,"column":22}},"loc":{"start":{"line":36,"column":50},"end":{"line":44,"column":1}}},"9":{"name":"(anonymous_9)","decl":{"start":{"line":38,"column":11},"end":{"line":38,"column":12}},"loc":{"start":{"line":38,"column":16},"end":{"line":38,"column":69}}},"10":{"name":"(anonymous_10)","decl":{"start":{"line":40,"column":9},"end":{"line":40,"column":12}},"loc":{"start":{"line":40,"column":15},"end":{"line":40,"column":19}}},"11":{"name":"(anonymous_11)","decl":{"start":{"line":41,"column":9},"end":{"line":41,"column":12}},"loc":{"start":{"line":41,"column":15},"end":{"line":41,"column":23}}}},"branchMap":{"0":{"loc":{"start":{"line":13,"column":16},"end":{"line":13,"column":69}},"type":"cond-expr","locations":[{"start":{"line":13,"column":20},"end":{"line":13,"column":42}},{"start":{"line":13,"column":45},"end":{"line":13,"column":69}}]},"1":{"loc":{"start":{"line":28,"column":16},"end":{"line":28,"column":69}},"type":"cond-expr","locations":[{"start":{"line":28,"column":20},"end":{"line":28,"column":42}},{"start":{"line":28,"column":45},"end":{"line":28,"column":69}}]},"2":{"loc":{"start":{"line":38,"column":16},"end":{"line":38,"column":69}},"type":"cond-expr","locations":[{"start":{"line":38,"column":20},"end":{"line":38,"column":42}},{"start":{"line":38,"column":45},"end":{"line":38,"column":69}}]}},"s":{"0":8,"1":2,"2":4,"3":2,"4":2,"5":8,"6":4,"7":8,"8":4,"9":4,"10":8,"11":1,"12":2,"13":1,"14":1,"15":8},"f":{"0":2,"1":4,"2":2,"3":2,"4":4,"5":8,"6":4,"7":4,"8":1,"9":2,"10":1,"11":1},"b":{"0":[2,2],"1":[4,4],"2":[1,1]}}
,"/workspaces/tempots-dom/src/components/OneOf.ts": {"path":"/workspaces/tempots-dom/src/components/OneOf.ts","statementMap":{"0":{"start":{"line":1,"column":0},"end":{"line":1,"column":43}},"1":{"start":{"line":6,"column":0},"end":{"line":6,"column":47}},"2":{"start":{"line":11,"column":21},"end":{"line":11,"column":37}},"3":{"start":{"line":12,"column":21},"end":{"line":12,"column":null}},"4":{"start":{"line":16,"column":22},"end":{"line":45,"column":3}},"5":{"start":{"line":17,"column":31},"end":{"line":17,"column":47}},"6":{"start":{"line":18,"column":14},"end":{"line":18,"column":21}},"7":{"start":{"line":19,"column":18},"end":{"line":19,"column":25}},"8":{"start":{"line":20,"column":15},"end":{"line":20,"column":30}},"9":{"start":{"line":21,"column":20},"end":{"line":21,"column":39}},"10":{"start":{"line":22,"column":17},"end":{"line":22,"column":42}},"11":{"start":{"line":23,"column":16},"end":{"line":23,"column":70}},"12":{"start":{"line":24,"column":19},"end":{"line":37,"column":6}},"13":{"start":{"line":25,"column":6},"end":{"line":36,"column":null}},"14":{"start":{"line":26,"column":8},"end":{"line":33,"column":null}},"15":{"start":{"line":27,"column":10},"end":{"line":27,"column":null}},"16":{"start":{"line":28,"column":10},"end":{"line":28,"column":null}},"17":{"start":{"line":29,"column":10},"end":{"line":29,"column":null}},"18":{"start":{"line":30,"column":10},"end":{"line":30,"column":null}},"19":{"start":{"line":31,"column":10},"end":{"line":31,"column":null}},"20":{"start":{"line":32,"column":10},"end":{"line":32,"column":null}},"21":{"start":{"line":35,"column":8},"end":{"line":35,"column":null}},"22":{"start":{"line":38,"column":4},"end":{"line":44,"column":null}},"23":{"start":{"line":39,"column":6},"end":{"line":43,"column":null}},"24":{"start":{"line":40,"column":8},"end":{"line":40,"column":null}},"25":{"start":{"line":41,"column":8},"end":{"line":41,"column":null}},"26":{"start":{"line":42,"column":8},"end":{"line":42,"column":null}},"27":{"start":{"line":9,"column":0},"end":{"line":9,"column":13}},"28":{"start":{"line":56,"column":2},"end":{"line":56,"column":null}},"29":{"start":{"line":55,"column":0},"end":{"line":55,"column":16}}},"fnMap":{"0":{"name":"(anonymous_0)","decl":{"start":{"line":10,"column":2},"end":{"line":10,"column":null}},"loc":{"start":{"line":14,"column":5},"end":{"line":14,"column":10}}},"1":{"name":"(anonymous_1)","decl":{"start":{"line":16,"column":22},"end":{"line":16,"column":23}},"loc":{"start":{"line":16,"column":49},"end":{"line":45,"column":3}}},"2":{"name":"(anonymous_2)","decl":{"start":{"line":24,"column":40},"end":{"line":24,"column":41}},"loc":{"start":{"line":24,"column":63},"end":{"line":37,"column":5}}},"3":{"name":"(anonymous_3)","decl":{"start":{"line":26,"column":34},"end":{"line":26,"column":37}},"loc":{"start":{"line":26,"column":39},"end":{"line":33,"column":9}}},"4":{"name":"(anonymous_4)","decl":{"start":{"line":38,"column":11},"end":{"line":38,"column":12}},"loc":{"start":{"line":38,"column":35},"end":{"line":44,"column":5}}},"5":{"name":"(anonymous_5)","decl":{"start":{"line":39,"column":38},"end":{"line":39,"column":41}},"loc":{"start":{"line":39,"column":43},"end":{"line":43,"column":7}}},"6":{"name":"(anonymous_6)","decl":{"start":{"line":42,"column":43},"end":{"line":42,"column":46}},"loc":{"start":{"line":42,"column":48},"end":{"line":42,"column":52}}},"7":{"name":"OneOf","decl":{"start":{"line":55,"column":16},"end":{"line":55,"column":21}},"loc":{"start":{"line":55,"column":71},"end":{"line":57,"column":1}}}},"branchMap":{"0":{"loc":{"start":{"line":25,"column":6},"end":{"line":36,"column":null}},"type":"if","locations":[{"start":{"line":25,"column":6},"end":{"line":36,"column":null}},{"start":{"line":34,"column":13},"end":{"line":36,"column":null}}]}},"s":{"0":8,"1":8,"2":7,"3":7,"4":7,"5":7,"6":7,"7":7,"8":7,"9":7,"10":7,"11":7,"12":7,"13":7,"14":7,"15":7,"16":7,"17":7,"18":7,"19":7,"20":7,"21":0,"22":7,"23":0,"24":0,"25":0,"26":0,"27":8,"28":0,"29":8},"f":{"0":7,"1":7,"2":7,"3":7,"4":0,"5":0,"6":0,"7":0},"b":{"0":[7,0]}}
,"/workspaces/tempots-dom/src/components/TextContent.ts": {"path":"/workspaces/tempots-dom/src/components/TextContent.ts","statementMap":{"0":{"start":{"line":7,"column":31},"end":{"line":7,"column":81}},"1":{"start":{"line":9,"column":22},"end":{"line":22,"column":3}},"2":{"start":{"line":10,"column":15},"end":{"line":10,"column":31}},"3":{"start":{"line":11,"column":21},"end":{"line":11,"column":35}},"4":{"start":{"line":12,"column":4},"end":{"line":12,"column":null}},"5":{"start":{"line":13,"column":19},"end":{"line":15,"column":6}},"6":{"start":{"line":14,"column":6},"end":{"line":14,"column":null}},"7":{"start":{"line":16,"column":4},"end":{"line":21,"column":null}},"8":{"start":{"line":17,"column":6},"end":{"line":17,"column":null}},"9":{"start":{"line":18,"column":6},"end":{"line":20,"column":null}},"10":{"start":{"line":19,"column":8},"end":{"line":19,"column":null}},"11":{"start":{"line":6,"column":0},"end":{"line":6,"column":13}},"12":{"start":{"line":30,"column":2},"end":{"line":30,"column":null}},"13":{"start":{"line":29,"column":0},"end":{"line":29,"column":16}}},"fnMap":{"0":{"name":"(anonymous_0)","decl":{"start":{"line":7,"column":2},"end":{"line":7,"column":31}},"loc":{"start":{"line":7,"column":81},"end":{"line":7,"column":86}}},"1":{"name":"(anonymous_1)","decl":{"start":{"line":9,"column":22},"end":{"line":9,"column":23}},"loc":{"start":{"line":9,"column":49},"end":{"line":22,"column":3}}},"2":{"name":"(anonymous_2)","decl":{"start":{"line":13,"column":40},"end":{"line":13,"column":45}},"loc":{"start":{"line":13,"column":48},"end":{"line":15,"column":5}}},"3":{"name":"(anonymous_3)","decl":{"start":{"line":16,"column":11},"end":{"line":16,"column":12}},"loc":{"start":{"line":16,"column":35},"end":{"line":21,"column":5}}},"4":{"name":"TextContent","decl":{"start":{"line":29,"column":16},"end":{"line":29,"column":27}},"loc":{"start":{"line":29,"column":55},"end":{"line":31,"column":1}}}},"branchMap":{"0":{"loc":{"start":{"line":12,"column":21},"end":{"line":12,"column":43}},"type":"binary-expr","locations":[{"start":{"line":12,"column":21},"end":{"line":12,"column":37}},{"start":{"line":12,"column":41},"end":{"line":12,"column":43}}]},"1":{"loc":{"start":{"line":14,"column":23},"end":{"line":14,"column":34}},"type":"binary-expr","locations":[{"start":{"line":14,"column":23},"end":{"line":14,"column":28}},{"start":{"line":14,"column":32},"end":{"line":14,"column":34}}]},"2":{"loc":{"start":{"line":18,"column":6},"end":{"line":20,"column":null}},"type":"if","locations":[{"start":{"line":18,"column":6},"end":{"line":20,"column":null}}]}},"s":{"0":3,"1":3,"2":3,"3":3,"4":3,"5":3,"6":4,"7":3,"8":1,"9":1,"10":1,"11":8,"12":3,"13":8},"f":{"0":3,"1":3,"2":4,"3":1,"4":3},"b":{"0":[3,1],"1":[4,1],"2":[1]}}
}
