TN:
SF:src/dom-context.ts
FN:3,extractClassNames
FN:4,(anonymous_1)
FN:7,createIntegerSet
FN:18,makeProviderMark
FN:25,(anonymous_4)
FN:30,(anonymous_5)
FN:38,(anonymous_6)
FN:51,(anonymous_7)
FN:55,(anonymous_8)
FN:59,(anonymous_9)
FN:65,(anonymous_10)
FN:78,(anonymous_11)
FN:82,(anonymous_12)
FN:90,(anonymous_13)
FN:94,(anonymous_14)
FN:97,(anonymous_15)
FN:105,(anonymous_16)
FN:109,(anonymous_17)
FN:117,(anonymous_18)
FN:121,(anonymous_19)
FN:124,(anonymous_20)
FN:132,(anonymous_21)
FN:136,(anonymous_22)
FN:144,(anonymous_23)
FN:148,(anonymous_24)
FN:151,(anonymous_25)
FN:159,(anonymous_26)
FN:163,(anonymous_27)
FN:166,(anonymous_28)
FN:174,(anonymous_29)
FN:176,(anonymous_30)
FN:180,(anonymous_31)
FN:181,(anonymous_32)
FN:185,(anonymous_33)
FN:189,(anonymous_34)
FN:191,(anonymous_35)
FN:202,(anonymous_36)
FN:204,(anonymous_37)
FN:212,(anonymous_38)
FN:214,(anonymous_39)
FN:219,(anonymous_40)
FN:225,(anonymous_41)
FN:232,(anonymous_42)
FN:232,(anonymous_43)
FN:237,(anonymous_44)
FN:248,(anonymous_45)
FN:255,(anonymous_46)
FN:259,(anonymous_47)
FN:263,(anonymous_48)
FN:271,(anonymous_49)
FN:275,(anonymous_50)
FN:278,(anonymous_51)
FNF:52
FNH:14
FNDA:2,extractClassNames
FNDA:2,(anonymous_1)
FNDA:0,createIntegerSet
FNDA:0,makeProviderMark
FNDA:3,(anonymous_4)
FNDA:3,(anonymous_5)
FNDA:0,(anonymous_6)
FNDA:9,(anonymous_7)
FNDA:0,(anonymous_8)
FNDA:0,(anonymous_9)
FNDA:0,(anonymous_10)
FNDA:0,(anonymous_11)
FNDA:2,(anonymous_12)
FNDA:0,(anonymous_13)
FNDA:0,(anonymous_14)
FNDA:0,(anonymous_15)
FNDA:0,(anonymous_16)
FNDA:2,(anonymous_17)
FNDA:0,(anonymous_18)
FNDA:0,(anonymous_19)
FNDA:0,(anonymous_20)
FNDA:0,(anonymous_21)
FNDA:0,(anonymous_22)
FNDA:0,(anonymous_23)
FNDA:0,(anonymous_24)
FNDA:0,(anonymous_25)
FNDA:0,(anonymous_26)
FNDA:0,(anonymous_27)
FNDA:0,(anonymous_28)
FNDA:1,(anonymous_29)
FNDA:1,(anonymous_30)
FNDA:1,(anonymous_31)
FNDA:1,(anonymous_32)
FNDA:1,(anonymous_33)
FNDA:1,(anonymous_34)
FNDA:1,(anonymous_35)
FNDA:0,(anonymous_36)
FNDA:0,(anonymous_37)
FNDA:0,(anonymous_38)
FNDA:0,(anonymous_39)
FNDA:0,(anonymous_40)
FNDA:0,(anonymous_41)
FNDA:0,(anonymous_42)
FNDA:0,(anonymous_43)
FNDA:0,(anonymous_44)
FNDA:0,(anonymous_45)
FNDA:0,(anonymous_46)
FNDA:0,(anonymous_47)
FNDA:0,(anonymous_48)
FNDA:0,(anonymous_49)
FNDA:0,(anonymous_50)
FNDA:0,(anonymous_51)
DA:4,2
DA:8,0
DA:10,0
DA:11,0
DA:13,0
DA:18,1
DA:19,0
DA:24,1
DA:27,3
DA:31,3
DA:32,3
DA:33,3
DA:34,3
DA:35,3
DA:39,0
DA:40,0
DA:42,0
DA:44,0
DA:47,0
DA:52,9
DA:56,0
DA:60,0
DA:61,0
DA:62,0
DA:66,0
DA:67,0
DA:68,0
DA:69,0
DA:70,0
DA:72,0
DA:73,0
DA:74,0
DA:79,0
DA:83,2
DA:84,1
DA:86,1
DA:91,0
DA:92,0
DA:93,0
DA:95,0
DA:98,0
DA:99,0
DA:106,0
DA:110,2
DA:111,1
DA:113,1
DA:118,0
DA:119,0
DA:120,0
DA:122,0
DA:125,0
DA:126,0
DA:133,0
DA:137,0
DA:138,0
DA:140,0
DA:145,0
DA:146,0
DA:147,0
DA:149,0
DA:152,0
DA:153,0
DA:160,0
DA:161,0
DA:162,0
DA:164,0
DA:167,0
DA:168,0
DA:175,1
DA:176,1
DA:177,1
DA:179,1
DA:181,1
DA:182,1
DA:184,1
DA:185,1
DA:186,1
DA:190,1
DA:191,1
DA:192,1
DA:193,1
DA:194,1
DA:203,0
DA:204,0
DA:205,0
DA:206,0
DA:211,3
DA:213,0
DA:214,0
DA:220,0
DA:221,0
DA:222,0
DA:224,0
DA:225,0
DA:226,0
DA:227,0
DA:228,0
DA:229,0
DA:232,0
DA:233,0
DA:238,0
DA:239,0
DA:240,0
DA:242,0
DA:243,0
DA:249,0
DA:256,0
DA:260,0
DA:264,0
DA:265,0
DA:267,0
DA:272,0
DA:273,0
DA:274,0
DA:276,0
DA:279,0
DA:280,0
LF:117
LH:31
BRDA:4,0,0,2
BRDA:4,0,1,0
BRDA:39,1,0,0
BRDA:39,1,1,0
BRDA:66,2,0,0
BRDA:66,2,1,0
BRDA:66,3,0,0
BRDA:66,3,1,0
BRDA:67,4,0,0
BRDA:67,4,1,0
BRDA:83,5,0,1
BRDA:83,5,1,1
BRDA:98,6,0,0
BRDA:110,7,0,1
BRDA:110,7,1,1
BRDA:125,8,0,0
BRDA:137,9,0,0
BRDA:137,9,1,0
BRDA:152,10,0,0
BRDA:167,11,0,0
BRDA:190,12,0,1
BRDA:193,13,0,1
BRDA:205,14,0,0
BRDA:220,15,0,0
BRDA:220,15,1,0
BRDA:227,16,0,0
BRDA:238,17,0,0
BRDA:239,18,0,0
BRDA:239,18,1,0
BRDA:264,19,0,0
BRDA:264,19,1,0
BRDA:279,20,0,0
BRF:32
BRH:7
end_of_record
TN:
SF:src/prop.ts
FN:9,(anonymous_0)
FN:13,(anonymous_1)
FN:17,(anonymous_2)
FN:21,(anonymous_3)
FN:29,(anonymous_4)
FN:33,getValues
FN:34,(anonymous_6)
FN:37,(anonymous_7)
FN:38,(anonymous_8)
FN:48,(anonymous_9)
FN:49,(anonymous_10)
FN:53,(anonymous_11)
FN:55,(anonymous_12)
FN:61,(anonymous_13)
FN:63,(anonymous_14)
FN:67,(anonymous_15)
FN:70,(anonymous_16)
FN:73,(anonymous_17)
FN:78,(anonymous_18)
FN:84,(anonymous_19)
FN:85,(anonymous_20)
FN:88,(anonymous_21)
FN:90,(anonymous_22)
FN:98,(anonymous_23)
FN:100,(anonymous_24)
FN:107,(anonymous_25)
FN:111,(anonymous_26)
FN:114,(anonymous_27)
FN:117,(anonymous_28)
FN:120,(anonymous_29)
FN:123,(anonymous_30)
FN:130,(anonymous_31)
FN:132,(anonymous_32)
FN:139,(anonymous_33)
FN:141,(anonymous_34)
FN:142,(anonymous_35)
FN:146,(anonymous_36)
FN:147,(anonymous_37)
FN:151,(anonymous_38)
FN:155,(anonymous_39)
FN:159,(anonymous_40)
FN:161,(anonymous_41)
FN:164,(anonymous_42)
FN:164,(anonymous_43)
FN:171,(anonymous_44)
FN:185,(anonymous_45)
FN:202,(anonymous_46)
FN:208,(anonymous_47)
FN:214,(anonymous_48)
FN:217,(anonymous_49)
FN:220,(anonymous_50)
FN:224,(anonymous_51)
FN:226,(anonymous_52)
FN:227,(anonymous_53)
FN:231,(anonymous_54)
FN:232,(anonymous_55)
FN:237,(anonymous_56)
FN:239,(anonymous_57)
FN:240,(anonymous_58)
FNF:59
FNH:3
FNDA:0,(anonymous_0)
FNDA:0,(anonymous_1)
FNDA:0,(anonymous_2)
FNDA:0,(anonymous_3)
FNDA:0,(anonymous_4)
FNDA:0,getValues
FNDA:0,(anonymous_6)
FNDA:0,(anonymous_7)
FNDA:0,(anonymous_8)
FNDA:1,(anonymous_9)
FNDA:2,(anonymous_10)
FNDA:0,(anonymous_11)
FNDA:0,(anonymous_12)
FNDA:0,(anonymous_13)
FNDA:0,(anonymous_14)
FNDA:0,(anonymous_15)
FNDA:0,(anonymous_16)
FNDA:0,(anonymous_17)
FNDA:0,(anonymous_18)
FNDA:0,(anonymous_19)
FNDA:0,(anonymous_20)
FNDA:0,(anonymous_21)
FNDA:0,(anonymous_22)
FNDA:0,(anonymous_23)
FNDA:0,(anonymous_24)
FNDA:0,(anonymous_25)
FNDA:0,(anonymous_26)
FNDA:0,(anonymous_27)
FNDA:0,(anonymous_28)
FNDA:0,(anonymous_29)
FNDA:0,(anonymous_30)
FNDA:0,(anonymous_31)
FNDA:0,(anonymous_32)
FNDA:0,(anonymous_33)
FNDA:0,(anonymous_34)
FNDA:0,(anonymous_35)
FNDA:0,(anonymous_36)
FNDA:0,(anonymous_37)
FNDA:0,(anonymous_38)
FNDA:0,(anonymous_39)
FNDA:0,(anonymous_40)
FNDA:0,(anonymous_41)
FNDA:0,(anonymous_42)
FNDA:0,(anonymous_43)
FNDA:0,(anonymous_44)
FNDA:0,(anonymous_45)
FNDA:0,(anonymous_46)
FNDA:0,(anonymous_47)
FNDA:1,(anonymous_48)
FNDA:0,(anonymous_49)
FNDA:0,(anonymous_50)
FNDA:0,(anonymous_51)
FNDA:0,(anonymous_52)
FNDA:0,(anonymous_53)
FNDA:0,(anonymous_54)
FNDA:0,(anonymous_55)
FNDA:0,(anonymous_56)
FNDA:0,(anonymous_57)
FNDA:0,(anonymous_58)
DA:3,1
DA:4,1
DA:8,1
DA:10,0
DA:14,0
DA:18,0
DA:22,0
DA:23,0
DA:34,0
DA:36,0
DA:37,0
DA:38,0
DA:39,0
DA:42,0
DA:45,1
DA:47,1
DA:48,1
DA:49,1
DA:50,2
DA:53,1
DA:54,0
DA:55,0
DA:56,0
DA:57,0
DA:61,1
DA:62,0
DA:63,0
DA:64,0
DA:67,1
DA:68,0
DA:69,0
DA:70,0
DA:71,0
DA:72,0
DA:73,0
DA:75,0
DA:78,1
DA:79,0
DA:80,0
DA:81,0
DA:84,1
DA:85,0
DA:88,1
DA:89,0
DA:90,0
DA:91,0
DA:92,0
DA:95,0
DA:98,1
DA:99,0
DA:100,0
DA:101,0
DA:102,0
DA:103,0
DA:107,1
DA:108,0
DA:109,0
DA:110,0
DA:112,0
DA:115,0
DA:117,0
DA:118,0
DA:119,0
DA:121,0
DA:124,0
DA:127,0
DA:130,1
DA:131,0
DA:132,0
DA:133,0
DA:134,0
DA:136,0
DA:139,1
DA:140,0
DA:141,0
DA:142,0
DA:143,0
DA:146,1
DA:147,0
DA:148,0
DA:151,1
DA:152,0
DA:155,1
DA:156,0
DA:159,1
DA:160,0
DA:161,0
DA:164,1
DA:165,0
DA:166,0
DA:167,0
DA:168,0
DA:169,0
DA:170,0
DA:171,0
DA:172,0
DA:173,0
DA:174,0
DA:176,0
DA:177,0
DA:178,0
DA:179,0
DA:181,0
DA:182,0
DA:185,0
DA:186,0
DA:187,0
DA:188,0
DA:189,0
DA:191,0
DA:192,0
DA:193,0
DA:194,0
DA:195,0
DA:197,0
DA:201,1
DA:203,0
DA:204,0
DA:209,0
DA:212,1
DA:214,1
DA:215,1
DA:216,1
DA:217,1
DA:220,1
DA:221,0
DA:224,1
DA:225,0
DA:226,0
DA:227,0
DA:231,1
DA:232,0
DA:233,0
DA:237,1
DA:238,0
DA:239,0
DA:240,0
DA:241,0
LF:138
LH:33
BRDA:14,0,0,0
BRDA:14,0,1,0
BRDA:18,1,0,0
BRDA:18,1,1,0
BRDA:23,2,0,0
BRDA:23,2,1,0
BRDA:23,2,2,0
BRDA:57,3,0,0
BRDA:91,4,0,0
BRDA:112,5,0,0
BRDA:121,6,0,0
BRDA:131,7,0,0
BRDA:131,7,1,0
BRDA:134,8,0,0
BRDA:164,9,0,0
BRDA:164,10,0,0
BRDA:165,11,0,0
BRDA:165,11,1,0
BRDA:172,12,0,0
BRDA:176,13,0,0
BRDA:176,13,1,0
BRDA:186,14,0,0
BRDA:187,15,0,0
BRDA:204,16,0,0
BRDA:204,16,1,0
BRDA:215,17,0,0
BRF:26
BRH:0
end_of_record
