TN:
SF:src/dom-context.ts
FN:3,extractClassNames
FN:4,(anonymous_1)
FN:7,createIntegerSet
FN:18,makeProviderMark
FN:25,(anonymous_4)
FN:30,(anonymous_5)
FN:38,(anonymous_6)
FN:51,(anonymous_7)
FN:55,(anonymous_8)
FN:59,(anonymous_9)
FN:65,(anonymous_10)
FN:78,(anonymous_11)
FN:82,(anonymous_12)
FN:90,(anonymous_13)
FN:94,(anonymous_14)
FN:97,(anonymous_15)
FN:105,(anonymous_16)
FN:109,(anonymous_17)
FN:117,(anonymous_18)
FN:121,(anonymous_19)
FN:124,(anonymous_20)
FN:132,(anonymous_21)
FN:136,(anonymous_22)
FN:144,(anonymous_23)
FN:148,(anonymous_24)
FN:151,(anonymous_25)
FN:159,(anonymous_26)
FN:163,(anonymous_27)
FN:166,(anonymous_28)
FN:174,(anonymous_29)
FN:176,(anonymous_30)
FN:180,(anonymous_31)
FN:181,(anonymous_32)
FN:185,(anonymous_33)
FN:189,(anonymous_34)
FN:191,(anonymous_35)
FN:202,(anonymous_36)
FN:204,(anonymous_37)
FN:212,(anonymous_38)
FN:214,(anonymous_39)
FN:219,(anonymous_40)
FN:225,(anonymous_41)
FN:232,(anonymous_42)
FN:232,(anonymous_43)
FN:237,(anonymous_44)
FN:248,(anonymous_45)
FN:255,(anonymous_46)
FN:259,(anonymous_47)
FN:263,(anonymous_48)
FN:271,(anonymous_49)
FN:275,(anonymous_50)
FN:278,(anonymous_51)
FNF:52
FNH:32
FNDA:2,extractClassNames
FNDA:2,(anonymous_1)
FNDA:2,createIntegerSet
FNDA:0,makeProviderMark
FNDA:25,(anonymous_4)
FNDA:80,(anonymous_5)
FNDA:110,(anonymous_6)
FNDA:49,(anonymous_7)
FNDA:0,(anonymous_8)
FNDA:28,(anonymous_9)
FNDA:27,(anonymous_10)
FNDA:0,(anonymous_11)
FNDA:2,(anonymous_12)
FNDA:0,(anonymous_13)
FNDA:0,(anonymous_14)
FNDA:0,(anonymous_15)
FNDA:0,(anonymous_16)
FNDA:2,(anonymous_17)
FNDA:0,(anonymous_18)
FNDA:0,(anonymous_19)
FNDA:0,(anonymous_20)
FNDA:2,(anonymous_21)
FNDA:2,(anonymous_22)
FNDA:2,(anonymous_23)
FNDA:0,(anonymous_24)
FNDA:2,(anonymous_25)
FNDA:55,(anonymous_26)
FNDA:9,(anonymous_27)
FNDA:25,(anonymous_28)
FNDA:1,(anonymous_29)
FNDA:1,(anonymous_30)
FNDA:1,(anonymous_31)
FNDA:1,(anonymous_32)
FNDA:1,(anonymous_33)
FNDA:1,(anonymous_34)
FNDA:1,(anonymous_35)
FNDA:0,(anonymous_36)
FNDA:0,(anonymous_37)
FNDA:2,(anonymous_38)
FNDA:2,(anonymous_39)
FNDA:38,(anonymous_40)
FNDA:2,(anonymous_41)
FNDA:2,(anonymous_42)
FNDA:2,(anonymous_43)
FNDA:38,(anonymous_44)
FNDA:0,(anonymous_45)
FNDA:0,(anonymous_46)
FNDA:0,(anonymous_47)
FNDA:0,(anonymous_48)
FNDA:0,(anonymous_49)
FNDA:0,(anonymous_50)
FNDA:0,(anonymous_51)
DA:4,2
DA:8,2
DA:10,2
DA:11,2
DA:13,2
DA:18,11
DA:19,0
DA:24,11
DA:27,25
DA:31,80
DA:32,80
DA:33,80
DA:34,80
DA:35,80
DA:39,110
DA:40,67
DA:42,67
DA:44,2
DA:47,43
DA:52,49
DA:56,0
DA:60,28
DA:61,28
DA:62,28
DA:66,27
DA:67,0
DA:68,0
DA:69,0
DA:70,0
DA:72,27
DA:73,27
DA:74,27
DA:79,0
DA:83,2
DA:84,1
DA:86,1
DA:91,0
DA:92,0
DA:93,0
DA:95,0
DA:98,0
DA:99,0
DA:106,0
DA:110,2
DA:111,1
DA:113,1
DA:118,0
DA:119,0
DA:120,0
DA:122,0
DA:125,0
DA:126,0
DA:133,2
DA:137,2
DA:138,0
DA:140,2
DA:145,2
DA:146,2
DA:147,2
DA:149,0
DA:152,2
DA:153,0
DA:160,55
DA:161,55
DA:162,55
DA:164,9
DA:167,25
DA:168,8
DA:175,1
DA:176,1
DA:177,1
DA:179,1
DA:181,1
DA:182,1
DA:184,1
DA:185,1
DA:186,1
DA:190,1
DA:191,1
DA:192,1
DA:193,1
DA:194,1
DA:203,0
DA:204,0
DA:205,0
DA:206,0
DA:211,80
DA:213,2
DA:214,2
DA:220,38
DA:221,36
DA:222,36
DA:224,2
DA:225,2
DA:226,2
DA:227,2
DA:228,2
DA:229,2
DA:232,2
DA:233,2
DA:238,38
DA:239,38
DA:240,19
DA:242,19
DA:243,19
DA:249,0
DA:256,0
DA:260,0
DA:264,0
DA:265,0
DA:267,0
DA:272,0
DA:273,0
DA:274,0
DA:276,0
DA:279,0
DA:280,0
LF:117
LH:78
BRDA:4,0,0,2
BRDA:4,0,1,0
BRDA:39,1,0,67
BRDA:39,1,1,43
BRDA:66,2,0,0
BRDA:66,2,1,27
BRDA:66,3,0,27
BRDA:66,3,1,27
BRDA:67,4,0,0
BRDA:67,4,1,0
BRDA:83,5,0,1
BRDA:83,5,1,1
BRDA:98,6,0,0
BRDA:110,7,0,1
BRDA:110,7,1,1
BRDA:125,8,0,0
BRDA:137,9,0,0
BRDA:137,9,1,2
BRDA:152,10,0,0
BRDA:167,11,0,8
BRDA:190,12,0,1
BRDA:193,13,0,1
BRDA:205,14,0,0
BRDA:220,15,0,36
BRDA:220,15,1,2
BRDA:227,16,0,2
BRDA:238,17,0,38
BRDA:239,18,0,19
BRDA:239,18,1,19
BRDA:264,19,0,0
BRDA:264,19,1,0
BRDA:279,20,0,0
BRF:32
BRH:20
end_of_record
TN:
SF:src/index.ts
FN:2,(anonymous_0)
FN:2,(anonymous_1)
FN:3,(anonymous_2)
FN:3,(anonymous_3)
FN:4,(anonymous_4)
FN:6,(anonymous_5)
FN:7,(anonymous_6)
FN:8,(anonymous_7)
FN:9,(anonymous_8)
FN:9,(anonymous_9)
FN:9,(anonymous_10)
FN:9,(anonymous_11)
FN:9,(anonymous_12)
FN:9,(anonymous_13)
FN:11,(anonymous_14)
FN:11,(anonymous_15)
FN:12,(anonymous_16)
FN:12,(anonymous_17)
FN:13,(anonymous_18)
FN:13,(anonymous_19)
FN:14,(anonymous_20)
FN:14,(anonymous_21)
FN:14,(anonymous_22)
FN:14,(anonymous_23)
FN:15,(anonymous_24)
FN:15,(anonymous_25)
FN:16,(anonymous_26)
FN:16,(anonymous_27)
FN:17,(anonymous_28)
FN:17,(anonymous_29)
FN:18,(anonymous_30)
FN:19,(anonymous_31)
FN:19,(anonymous_32)
FN:20,(anonymous_33)
FN:20,(anonymous_34)
FN:21,(anonymous_35)
FN:21,(anonymous_36)
FN:21,(anonymous_37)
FN:22,(anonymous_38)
FN:22,(anonymous_39)
FN:23,(anonymous_40)
FN:23,(anonymous_41)
FN:24,(anonymous_42)
FN:25,(anonymous_43)
FN:25,(anonymous_44)
FN:26,(anonymous_45)
FN:27,(anonymous_46)
FN:27,(anonymous_47)
FN:27,(anonymous_48)
FN:27,(anonymous_49)
FN:27,(anonymous_50)
FN:27,(anonymous_51)
FN:28,(anonymous_52)
FN:28,(anonymous_53)
FN:29,(anonymous_54)
FN:29,(anonymous_55)
FN:30,(anonymous_56)
FN:30,(anonymous_57)
FN:30,(anonymous_58)
FN:31,(anonymous_59)
FN:31,(anonymous_60)
FN:32,(anonymous_61)
FN:32,(anonymous_62)
FN:33,(anonymous_63)
FN:33,(anonymous_64)
FNF:65
FNH:16
FNDA:0,(anonymous_0)
FNDA:1,(anonymous_1)
FNDA:20,(anonymous_2)
FNDA:0,(anonymous_3)
FNDA:21,(anonymous_4)
FNDA:0,(anonymous_5)
FNDA:0,(anonymous_6)
FNDA:0,(anonymous_7)
FNDA:0,(anonymous_8)
FNDA:0,(anonymous_9)
FNDA:0,(anonymous_10)
FNDA:0,(anonymous_11)
FNDA:0,(anonymous_12)
FNDA:0,(anonymous_13)
FNDA:0,(anonymous_14)
FNDA:0,(anonymous_15)
FNDA:0,(anonymous_16)
FNDA:0,(anonymous_17)
FNDA:0,(anonymous_18)
FNDA:0,(anonymous_19)
FNDA:0,(anonymous_20)
FNDA:0,(anonymous_21)
FNDA:0,(anonymous_22)
FNDA:0,(anonymous_23)
FNDA:0,(anonymous_24)
FNDA:0,(anonymous_25)
FNDA:2,(anonymous_26)
FNDA:0,(anonymous_27)
FNDA:2,(anonymous_28)
FNDA:0,(anonymous_29)
FNDA:2,(anonymous_30)
FNDA:0,(anonymous_31)
FNDA:0,(anonymous_32)
FNDA:0,(anonymous_33)
FNDA:0,(anonymous_34)
FNDA:2,(anonymous_35)
FNDA:1,(anonymous_36)
FNDA:4,(anonymous_37)
FNDA:0,(anonymous_38)
FNDA:3,(anonymous_39)
FNDA:0,(anonymous_40)
FNDA:0,(anonymous_41)
FNDA:0,(anonymous_42)
FNDA:0,(anonymous_43)
FNDA:0,(anonymous_44)
FNDA:0,(anonymous_45)
FNDA:0,(anonymous_46)
FNDA:1,(anonymous_47)
FNDA:1,(anonymous_48)
FNDA:0,(anonymous_49)
FNDA:1,(anonymous_50)
FNDA:1,(anonymous_51)
FNDA:0,(anonymous_52)
FNDA:0,(anonymous_53)
FNDA:0,(anonymous_54)
FNDA:0,(anonymous_55)
FNDA:0,(anonymous_56)
FNDA:0,(anonymous_57)
FNDA:1,(anonymous_58)
FNDA:0,(anonymous_59)
FNDA:0,(anonymous_60)
FNDA:0,(anonymous_61)
FNDA:0,(anonymous_62)
FNDA:0,(anonymous_63)
FNDA:3,(anonymous_64)
DA:2,11
DA:3,30
DA:4,31
DA:6,10
DA:7,10
DA:8,10
DA:9,10
DA:11,10
DA:12,10
DA:13,10
DA:14,10
DA:15,10
DA:16,12
DA:17,12
DA:18,12
DA:19,10
DA:20,10
DA:21,14
DA:22,13
DA:23,10
DA:24,10
DA:25,10
DA:26,10
DA:27,11
DA:28,10
DA:29,10
DA:30,11
DA:31,10
DA:32,10
DA:33,13
LF:30
LH:30
BRF:0
BRH:0
end_of_record
TN:
SF:src/jsx-runtime.ts
FN:66,isPrimitive
FN:71,makeRenderables
FN:94,makeRenderable
FN:106,isNamedConstructor
FN:111,makeFragment
FN:120,makeElement
FNF:6
FNH:5
FNDA:2,isPrimitive
FNDA:134,makeRenderables
FNDA:106,makeRenderable
FNDA:24,isNamedConstructor
FNDA:0,makeFragment
FNDA:50,makeElement
DA:3,10
DA:4,10
DA:5,10
DA:6,10
DA:7,10
DA:8,10
DA:9,10
DA:10,10
DA:11,10
DA:13,10
DA:46,10
DA:67,2
DA:71,10
DA:72,134
DA:73,6
DA:75,128
DA:76,0
DA:78,128
DA:79,16
DA:81,112
DA:82,38
DA:84,74
DA:85,74
DA:87,0
DA:88,0
DA:90,0
DA:94,10
DA:95,106
DA:96,106
DA:97,6
DA:99,100
DA:100,100
DA:102,0
DA:107,24
DA:112,0
DA:113,0
DA:115,0
DA:121,50
DA:122,24
DA:123,23
DA:124,23
DA:126,1
DA:127,1
DA:130,26
DA:131,26
DA:132,26
DA:133,1
DA:134,25
DA:135,25
DA:137,26
DA:138,2
DA:139,0
DA:141,0
DA:142,0
DA:144,2
DA:145,0
DA:147,2
DA:148,2
DA:149,0
DA:150,0
DA:152,2
DA:153,2
DA:154,2
DA:156,0
DA:157,0
DA:158,0
DA:160,0
DA:163,26
DA:167,10
DA:168,10
DA:169,10
DA:170,10
LF:72
LH:54
BRDA:67,0,0,2
BRDA:67,0,1,0
BRDA:67,0,2,0
BRDA:67,0,3,0
BRDA:67,0,4,0
BRDA:72,1,0,6
BRDA:75,2,0,0
BRDA:78,3,0,16
BRDA:81,4,0,38
BRDA:84,5,0,74
BRDA:84,6,0,74
BRDA:84,6,1,74
BRDA:87,7,0,0
BRDA:96,8,0,6
BRDA:99,9,0,100
BRDA:112,10,0,0
BRDA:112,10,1,0
BRDA:121,11,0,24
BRDA:122,12,0,23
BRDA:122,12,1,1
BRDA:130,13,0,26
BRDA:130,13,1,0
BRDA:132,14,0,1
BRDA:132,14,1,25
BRDA:134,15,0,25
BRDA:138,16,0,0
BRDA:144,17,0,0
BRDA:147,18,0,2
BRDA:147,18,1,0
BRDA:148,19,0,0
BRDA:148,20,0,2
BRDA:148,20,1,2
BRDA:152,21,0,2
BRDA:156,22,0,0
BRF:34
BRH:20
end_of_record
TN:
SF:src/prop.ts
FN:9,(anonymous_0)
FN:13,(anonymous_1)
FN:17,(anonymous_2)
FN:21,(anonymous_3)
FN:29,(anonymous_4)
FN:33,getValues
FN:34,(anonymous_6)
FN:37,(anonymous_7)
FN:38,(anonymous_8)
FN:48,(anonymous_9)
FN:49,(anonymous_10)
FN:53,(anonymous_11)
FN:55,(anonymous_12)
FN:61,(anonymous_13)
FN:63,(anonymous_14)
FN:67,(anonymous_15)
FN:70,(anonymous_16)
FN:73,(anonymous_17)
FN:78,(anonymous_18)
FN:84,(anonymous_19)
FN:85,(anonymous_20)
FN:88,(anonymous_21)
FN:90,(anonymous_22)
FN:98,(anonymous_23)
FN:100,(anonymous_24)
FN:107,(anonymous_25)
FN:111,(anonymous_26)
FN:114,(anonymous_27)
FN:117,(anonymous_28)
FN:120,(anonymous_29)
FN:123,(anonymous_30)
FN:130,(anonymous_31)
FN:132,(anonymous_32)
FN:139,(anonymous_33)
FN:141,(anonymous_34)
FN:142,(anonymous_35)
FN:146,(anonymous_36)
FN:147,(anonymous_37)
FN:151,(anonymous_38)
FN:155,(anonymous_39)
FN:159,(anonymous_40)
FN:161,(anonymous_41)
FN:164,(anonymous_42)
FN:164,(anonymous_43)
FN:171,(anonymous_44)
FN:185,(anonymous_45)
FN:202,(anonymous_46)
FN:208,(anonymous_47)
FN:214,(anonymous_48)
FN:217,(anonymous_49)
FN:220,(anonymous_50)
FN:224,(anonymous_51)
FN:226,(anonymous_52)
FN:227,(anonymous_53)
FN:231,(anonymous_54)
FN:232,(anonymous_55)
FN:237,(anonymous_56)
FN:239,(anonymous_57)
FN:240,(anonymous_58)
FNF:59
FNH:13
FNDA:0,(anonymous_0)
FNDA:0,(anonymous_1)
FNDA:0,(anonymous_2)
FNDA:112,(anonymous_3)
FNDA:0,(anonymous_4)
FNDA:0,getValues
FNDA:0,(anonymous_6)
FNDA:0,(anonymous_7)
FNDA:0,(anonymous_8)
FNDA:148,(anonymous_9)
FNDA:78,(anonymous_10)
FNDA:149,(anonymous_11)
FNDA:33,(anonymous_12)
FNDA:73,(anonymous_13)
FNDA:54,(anonymous_14)
FNDA:0,(anonymous_15)
FNDA:0,(anonymous_16)
FNDA:0,(anonymous_17)
FNDA:0,(anonymous_18)
FNDA:26,(anonymous_19)
FNDA:49,(anonymous_20)
FNDA:0,(anonymous_21)
FNDA:0,(anonymous_22)
FNDA:0,(anonymous_23)
FNDA:0,(anonymous_24)
FNDA:0,(anonymous_25)
FNDA:0,(anonymous_26)
FNDA:0,(anonymous_27)
FNDA:0,(anonymous_28)
FNDA:0,(anonymous_29)
FNDA:0,(anonymous_30)
FNDA:0,(anonymous_31)
FNDA:0,(anonymous_32)
FNDA:0,(anonymous_33)
FNDA:0,(anonymous_34)
FNDA:0,(anonymous_35)
FNDA:0,(anonymous_36)
FNDA:0,(anonymous_37)
FNDA:0,(anonymous_38)
FNDA:27,(anonymous_39)
FNDA:0,(anonymous_40)
FNDA:0,(anonymous_41)
FNDA:0,(anonymous_42)
FNDA:0,(anonymous_43)
FNDA:0,(anonymous_44)
FNDA:0,(anonymous_45)
FNDA:0,(anonymous_46)
FNDA:30,(anonymous_47)
FNDA:92,(anonymous_48)
FNDA:96,(anonymous_49)
FNDA:0,(anonymous_50)
FNDA:0,(anonymous_51)
FNDA:0,(anonymous_52)
FNDA:0,(anonymous_53)
FNDA:0,(anonymous_54)
FNDA:0,(anonymous_55)
FNDA:0,(anonymous_56)
FNDA:0,(anonymous_57)
FNDA:0,(anonymous_58)
DA:3,11
DA:4,11
DA:8,11
DA:10,0
DA:14,0
DA:18,0
DA:22,112
DA:23,112
DA:34,0
DA:36,0
DA:37,0
DA:38,0
DA:39,0
DA:42,0
DA:45,148
DA:47,148
DA:48,148
DA:49,148
DA:50,78
DA:53,148
DA:54,149
DA:55,149
DA:56,33
DA:57,33
DA:61,148
DA:62,73
DA:63,73
DA:64,73
DA:67,148
DA:68,0
DA:69,0
DA:70,0
DA:71,0
DA:72,0
DA:73,0
DA:75,0
DA:78,148
DA:79,0
DA:80,0
DA:81,0
DA:84,148
DA:85,49
DA:88,148
DA:89,0
DA:90,0
DA:91,0
DA:92,0
DA:95,0
DA:98,148
DA:99,0
DA:100,0
DA:101,0
DA:102,0
DA:103,0
DA:107,148
DA:108,0
DA:109,0
DA:110,0
DA:112,0
DA:115,0
DA:117,0
DA:118,0
DA:119,0
DA:121,0
DA:124,0
DA:127,0
DA:130,148
DA:131,0
DA:132,0
DA:133,0
DA:134,0
DA:136,0
DA:139,148
DA:140,0
DA:141,0
DA:142,0
DA:143,0
DA:146,148
DA:147,0
DA:148,0
DA:151,148
DA:152,0
DA:155,148
DA:156,27
DA:159,148
DA:160,0
DA:161,0
DA:164,148
DA:165,0
DA:166,0
DA:167,0
DA:168,0
DA:169,0
DA:170,0
DA:171,0
DA:172,0
DA:173,0
DA:174,0
DA:176,0
DA:177,0
DA:178,0
DA:179,0
DA:181,0
DA:182,0
DA:185,0
DA:186,0
DA:187,0
DA:188,0
DA:189,0
DA:191,0
DA:192,0
DA:193,0
DA:194,0
DA:195,0
DA:197,0
DA:201,11
DA:203,0
DA:204,0
DA:209,30
DA:212,148
DA:214,148
DA:215,92
DA:216,88
DA:217,96
DA:220,148
DA:221,0
DA:224,148
DA:225,0
DA:226,0
DA:227,0
DA:231,148
DA:232,0
DA:233,0
DA:237,148
DA:238,0
DA:239,0
DA:240,0
DA:241,0
LF:138
LH:45
BRDA:14,0,0,0
BRDA:14,0,1,0
BRDA:18,1,0,0
BRDA:18,1,1,0
BRDA:23,2,0,112
BRDA:23,2,1,112
BRDA:23,2,2,38
BRDA:57,3,0,32
BRDA:91,4,0,0
BRDA:112,5,0,0
BRDA:121,6,0,0
BRDA:131,7,0,0
BRDA:131,7,1,0
BRDA:134,8,0,0
BRDA:164,9,0,0
BRDA:164,10,0,0
BRDA:165,11,0,0
BRDA:165,11,1,0
BRDA:172,12,0,0
BRDA:176,13,0,0
BRDA:176,13,1,0
BRDA:186,14,0,0
BRDA:187,15,0,0
BRDA:204,16,0,0
BRDA:204,16,1,0
BRDA:215,17,0,4
BRF:26
BRH:5
end_of_record
TN:
SF:src/render.ts
FN:5,render
FN:8,(anonymous_1)
FNF:2
FNH:2
FNDA:21,render
FNDA:6,(anonymous_1)
DA:1,10
DA:2,10
DA:5,10
DA:6,21
DA:7,21
DA:8,21
LF:6
LH:6
BRF:0
BRH:0
end_of_record
TN:
SF:src/components/Attribute.ts
FN:8,(anonymous_0)
FN:10,(anonymous_1)
FN:21,Attribute
FNF:3
FNH:0
FNDA:0,(anonymous_0)
FNDA:0,(anonymous_1)
FNDA:0,Attribute
DA:5,10
DA:7,10
DA:8,0
DA:10,0
DA:11,0
DA:12,0
DA:21,10
DA:22,0
LF:8
LH:3
BRF:0
BRH:0
end_of_record
TN:
SF:src/components/BooleanAttribute.ts
FN:8,(anonymous_0)
FN:10,(anonymous_1)
FN:21,BooleanAttribute
FNF:3
FNH:0
FNDA:0,(anonymous_0)
FNDA:0,(anonymous_1)
FNDA:0,BooleanAttribute
DA:5,10
DA:7,10
DA:8,0
DA:10,0
DA:11,0
DA:12,0
DA:21,10
DA:22,0
LF:8
LH:3
BRF:0
BRH:0
end_of_record
TN:
SF:src/components/ClassName.ts
FN:8,(anonymous_0)
FN:10,(anonymous_1)
FN:12,(anonymous_2)
FN:20,ClassName
FNF:4
FNH:0
FNDA:0,(anonymous_0)
FNDA:0,(anonymous_1)
FNDA:0,(anonymous_2)
FNDA:0,ClassName
DA:4,10
DA:7,10
DA:8,0
DA:10,0
DA:11,0
DA:12,0
DA:20,10
DA:21,0
LF:8
LH:3
BRDA:11,0,0,0
BRDA:11,0,1,0
BRDA:12,1,0,0
BRDA:12,1,1,0
BRF:4
BRH:0
end_of_record
TN:
SF:src/components/El.ts
FN:8,(anonymous_0)
FN:9,(anonymous_1)
FN:11,(anonymous_2)
FN:12,(anonymous_3)
FN:13,(anonymous_4)
FN:14,(anonymous_5)
FN:25,El
FNF:7
FNH:6
FNDA:26,(anonymous_0)
FNDA:27,(anonymous_1)
FNDA:31,(anonymous_2)
FNDA:19,(anonymous_3)
FNDA:19,(anonymous_4)
FNDA:21,(anonymous_5)
FNDA:0,El
DA:5,10
DA:7,10
DA:8,26
DA:9,26
DA:10,27
DA:11,31
DA:12,27
DA:13,19
DA:14,21
DA:25,10
DA:26,0
LF:11
LH:10
BRF:0
BRH:0
end_of_record
TN:
SF:src/components/FadeIn.ts
FN:7,(anonymous_0)
FN:15,(anonymous_1)
FN:17,(anonymous_2)
FN:28,frame
FN:45,(anonymous_4)
FN:58,FadeIn
FN:60,(anonymous_6)
FNF:7
FNH:6
FNDA:2,(anonymous_0)
FNDA:2,(anonymous_1)
FNDA:2,(anonymous_2)
FNDA:26,frame
FNDA:0,(anonymous_4)
FNDA:2,FadeIn
FNDA:17,(anonymous_6)
DA:4,10
DA:6,10
DA:8,2
DA:9,2
DA:10,2
DA:11,2
DA:12,2
DA:16,2
DA:17,2
DA:18,2
DA:19,1
DA:20,1
DA:22,1
DA:25,2
DA:26,2
DA:27,2
DA:29,26
DA:30,26
DA:31,9
DA:32,9
DA:35,17
DA:36,17
DA:37,17
DA:38,15
DA:40,2
DA:43,2
DA:45,2
DA:46,0
DA:58,10
DA:59,2
DA:60,17
LF:31
LH:30
BRDA:18,0,0,1
BRDA:18,0,1,1
BRDA:30,1,0,9
BRDA:37,2,0,15
BRDA:37,2,1,2
BRDA:46,3,0,0
BRDA:60,4,0,2
BRDA:60,4,1,2
BRDA:60,5,0,2
BRDA:60,5,1,0
BRDA:60,6,0,2
BRDA:60,6,1,1
BRF:12
BRH:10
end_of_record
TN:
SF:src/components/FadeOut.ts
FN:7,(anonymous_0)
FN:13,(anonymous_1)
FN:17,(anonymous_2)
FN:20,frame
FN:44,FadeOut
FNF:5
FNH:5
FNDA:2,(anonymous_0)
FNDA:2,(anonymous_1)
FNDA:2,(anonymous_2)
FNDA:24,frame
FNDA:2,FadeOut
DA:4,10
DA:6,10
DA:8,2
DA:9,2
DA:10,2
DA:14,2
DA:15,2
DA:17,2
DA:18,2
DA:19,2
DA:21,24
DA:22,24
DA:23,8
DA:24,8
DA:26,16
DA:27,16
DA:28,16
DA:29,14
DA:31,2
DA:34,2
DA:44,10
DA:45,2
DA:46,2
LF:23
LH:23
BRDA:22,0,0,8
BRDA:28,1,0,14
BRDA:28,1,1,2
BRDA:46,2,0,2
BRDA:46,2,1,0
BRDA:46,3,0,2
BRDA:46,3,1,1
BRF:7
BRH:6
end_of_record
TN:
SF:src/components/For.ts
FN:14,For
FN:15,(anonymous_1)
FN:18,(anonymous_2)
FNF:3
FNH:3
FNDA:2,For
FNDA:9,(anonymous_1)
FNDA:24,(anonymous_2)
DA:2,10
DA:3,10
DA:4,10
DA:5,10
DA:14,10
DA:15,9
DA:16,2
DA:19,24
DA:20,24
LF:9
LH:9
BRF:0
BRH:0
end_of_record
TN:
SF:src/components/Fragment.ts
FN:8,(anonymous_0)
FN:9,(anonymous_1)
FN:10,(anonymous_2)
FN:11,(anonymous_3)
FN:12,(anonymous_4)
FN:17,Fragment
FNF:6
FNH:5
FNDA:30,(anonymous_0)
FNDA:30,(anonymous_1)
FNDA:48,(anonymous_2)
FNDA:6,(anonymous_3)
FNDA:12,(anonymous_4)
FNDA:0,Fragment
DA:5,10
DA:7,10
DA:8,30
DA:9,30
DA:10,48
DA:11,30
DA:12,12
DA:17,10
DA:18,0
LF:9
LH:8
BRF:0
BRH:0
end_of_record
TN:
SF:src/components/HiddenWhenEmpty.ts
FN:6,(anonymous_0)
FN:9,(anonymous_1)
FN:15,HiddenWhenEmpty
FNF:3
FNH:0
FNDA:0,(anonymous_0)
FNDA:0,(anonymous_1)
FNDA:0,HiddenWhenEmpty
DA:5,10
DA:7,0
DA:8,0
DA:9,0
DA:10,0
DA:15,10
DA:16,0
LF:7
LH:2
BRDA:10,0,0,0
BRF:1
BRH:0
end_of_record
TN:
SF:src/components/If.ts
FN:11,If
FN:13,(anonymous_1)
FN:15,(anonymous_2)
FN:16,(anonymous_3)
FN:26,When
FN:28,(anonymous_5)
FN:30,(anonymous_6)
FN:31,(anonymous_7)
FN:36,Unless
FN:38,(anonymous_9)
FN:40,(anonymous_10)
FN:41,(anonymous_11)
FNF:12
FNH:12
FNDA:2,If
FNDA:4,(anonymous_1)
FNDA:2,(anonymous_2)
FNDA:2,(anonymous_3)
FNDA:4,When
FNDA:8,(anonymous_5)
FNDA:4,(anonymous_6)
FNDA:4,(anonymous_7)
FNDA:1,Unless
FNDA:2,(anonymous_9)
FNDA:1,(anonymous_10)
FNDA:1,(anonymous_11)
DA:3,10
DA:11,10
DA:12,2
DA:13,4
DA:15,2
DA:16,2
DA:26,10
DA:27,4
DA:28,8
DA:30,4
DA:31,4
DA:36,10
DA:37,1
DA:38,2
DA:40,1
DA:41,1
LF:16
LH:16
BRDA:13,0,0,2
BRDA:13,0,1,2
BRDA:28,1,0,4
BRDA:28,1,1,4
BRDA:38,2,0,1
BRDA:38,2,1,1
BRF:6
BRH:6
end_of_record
TN:
SF:src/components/InnerHTML.ts
FN:7,(anonymous_0)
FN:9,(anonymous_1)
FN:13,(anonymous_2)
FN:16,(anonymous_3)
FN:29,InnerHTML
FNF:5
FNH:5
FNDA:3,(anonymous_0)
FNDA:3,(anonymous_1)
FNDA:4,(anonymous_2)
FNDA:1,(anonymous_3)
FNDA:3,InnerHTML
DA:6,10
DA:7,3
DA:9,3
DA:10,3
DA:11,3
DA:12,3
DA:13,3
DA:14,4
DA:16,3
DA:17,1
DA:18,1
DA:19,1
DA:29,10
DA:30,3
LF:14
LH:14
BRDA:12,0,0,3
BRDA:12,0,1,1
BRDA:14,1,0,4
BRDA:14,1,1,1
BRDA:18,2,0,1
BRF:5
BRH:5
end_of_record
TN:
SF:src/components/Lifecycle.ts
FN:6,(anonymous_0)
FN:7,(anonymous_1)
FN:10,(anonymous_2)
FN:21,Lifecycle
FN:23,(anonymous_4)
FN:23,(anonymous_5)
FNF:6
FNH:3
FNDA:24,(anonymous_0)
FNDA:24,(anonymous_1)
FNDA:6,(anonymous_2)
FNDA:0,Lifecycle
FNDA:0,(anonymous_4)
FNDA:0,(anonymous_5)
DA:5,10
DA:6,24
DA:7,24
DA:8,24
DA:10,24
DA:11,6
DA:21,10
DA:23,0
LF:8
LH:7
BRDA:23,0,0,0
BRDA:23,0,1,0
BRDA:23,1,0,0
BRDA:23,1,1,0
BRF:4
BRH:0
end_of_record
TN:
SF:src/components/NotEmpty.tsx
FN:12,isEmpty
FN:17,NotEmpty
FN:24,(anonymous_2)
FNF:3
FNH:0
FNDA:0,isEmpty
FNDA:0,NotEmpty
FNDA:0,(anonymous_2)
DA:3,10
DA:13,0
DA:17,10
DA:22,0
DA:26,0
LF:5
LH:2
BRDA:26,0,0,0
BRDA:26,0,1,0
BRDA:26,1,0,0
BRDA:26,1,1,0
BRF:4
BRH:0
end_of_record
TN:
SF:src/components/On.ts
FN:8,(anonymous_0)
FN:10,(anonymous_1)
FN:20,On
FNF:3
FNH:0
FNDA:0,(anonymous_0)
FNDA:0,(anonymous_1)
FNDA:0,On
DA:7,10
DA:8,0
DA:10,0
DA:11,0
DA:20,10
DA:21,0
LF:6
LH:2
BRF:0
BRH:0
end_of_record
TN:
SF:src/components/OnRemove.ts
FN:8,OnRemove
FN:9,(anonymous_1)
FN:9,(anonymous_2)
FNF:3
FNH:3
FNDA:24,OnRemove
FNDA:24,(anonymous_1)
FNDA:6,(anonymous_2)
DA:2,10
DA:8,10
DA:9,24
LF:3
LH:3
BRF:0
BRH:0
end_of_record
TN:
SF:src/components/OneOf.ts
FN:9,(anonymous_0)
FN:15,(anonymous_1)
FN:22,(anonymous_2)
FN:26,(anonymous_3)
FN:38,(anonymous_4)
FN:39,(anonymous_5)
FN:55,OneOf
FN:65,OneOfLiteral
FN:68,(anonymous_8)
FN:69,(anonymous_9)
FN:73,(anonymous_10)
FN:85,OneOfUnion
FN:88,(anonymous_12)
FN:99,OneOfUnionType
FN:108,OneOfUnionKind
FNF:15
FNH:15
FNDA:11,(anonymous_0)
FNDA:11,(anonymous_1)
FNDA:18,(anonymous_2)
FNDA:15,(anonymous_3)
FNDA:4,(anonymous_4)
FNDA:4,(anonymous_5)
FNDA:1,OneOf
FNDA:1,OneOfLiteral
FNDA:2,(anonymous_8)
FNDA:3,(anonymous_9)
FNDA:3,(anonymous_10)
FNDA:2,OneOfUnion
FNDA:8,(anonymous_12)
FNDA:1,OneOfUnionType
FNDA:1,OneOfUnionKind
DA:1,10
DA:6,10
DA:8,10
DA:10,11
DA:11,11
DA:15,11
DA:16,11
DA:17,11
DA:18,11
DA:19,11
DA:20,11
DA:21,11
DA:22,11
DA:23,18
DA:24,18
DA:25,18
DA:26,15
DA:27,15
DA:28,15
DA:29,15
DA:30,15
DA:31,15
DA:32,15
DA:35,3
DA:38,11
DA:39,4
DA:40,4
DA:41,4
DA:42,4
DA:55,10
DA:56,1
DA:65,10
DA:66,1
DA:67,1
DA:68,1
DA:69,3
DA:70,2
DA:72,1
DA:73,3
DA:85,10
DA:86,2
DA:87,2
DA:88,8
DA:99,10
DA:100,1
DA:108,10
DA:109,1
LF:47
LH:47
BRDA:25,0,0,15
BRDA:25,0,1,3
BRF:2
BRH:2
end_of_record
TN:
SF:src/components/Portal.ts
FN:9,(anonymous_0)
FN:14,(anonymous_1)
FN:28,Portal
FNF:3
FNH:0
FNDA:0,(anonymous_0)
FNDA:0,(anonymous_1)
FNDA:0,Portal
DA:1,10
DA:6,10
DA:8,10
DA:10,0
DA:11,0
DA:15,0
DA:16,0
DA:17,0
DA:19,0
DA:28,10
DA:29,0
LF:11
LH:4
BRDA:16,0,0,0
BRF:1
BRH:0
end_of_record
TN:
SF:src/components/Property.ts
FN:8,(anonymous_0)
FN:10,(anonymous_1)
FN:21,Property
FNF:3
FNH:2
FNDA:2,(anonymous_0)
FNDA:2,(anonymous_1)
FNDA:0,Property
DA:4,10
DA:7,10
DA:8,2
DA:10,2
DA:11,2
DA:12,2
DA:21,10
DA:22,0
LF:8
LH:7
BRF:0
BRH:0
end_of_record
TN:
SF:src/components/Provider.ts
FN:8,(anonymous_0)
FN:10,(anonymous_1)
FN:13,(anonymous_2)
FN:14,(anonymous_3)
FN:27,Provider
FN:32,(anonymous_5)
FN:34,(anonymous_6)
FN:40,(anonymous_7)
FN:51,Consumer
FN:52,(anonymous_9)
FNF:10
FNH:0
FNDA:0,(anonymous_0)
FNDA:0,(anonymous_1)
FNDA:0,(anonymous_2)
FNDA:0,(anonymous_3)
FNDA:0,Provider
FNDA:0,(anonymous_5)
FNDA:0,(anonymous_6)
FNDA:0,(anonymous_7)
FNDA:0,Consumer
FNDA:0,(anonymous_9)
DA:5,10
DA:7,10
DA:8,0
DA:10,0
DA:11,0
DA:12,0
DA:13,0
DA:14,0
DA:15,0
DA:27,10
DA:28,0
DA:31,10
DA:32,0
DA:34,0
DA:35,0
DA:36,0
DA:37,0
DA:39,0
DA:40,0
DA:41,0
DA:51,10
DA:52,0
LF:22
LH:5
BRDA:36,0,0,0
BRDA:52,1,0,0
BRDA:52,1,1,0
BRF:3
BRH:0
end_of_record
TN:
SF:src/components/Repeat.ts
FN:16,(anonymous_0)
FN:22,(anonymous_1)
FN:30,(anonymous_2)
FN:38,(anonymous_3)
FN:49,(anonymous_4)
FN:50,(anonymous_5)
FN:52,(anonymous_6)
FN:57,(anonymous_7)
FN:75,(anonymous_8)
FN:106,(anonymous_9)
FN:107,(anonymous_10)
FN:109,(anonymous_11)
FN:110,(anonymous_12)
FN:111,(anonymous_13)
FN:123,Repeat
FN:126,(anonymous_15)
FN:131,conjuctions
FN:132,(anonymous_17)
FN:133,(anonymous_18)
FNF:19
FNH:9
FNDA:2,(anonymous_0)
FNDA:2,(anonymous_1)
FNDA:1,(anonymous_2)
FNDA:3,(anonymous_3)
FNDA:0,(anonymous_4)
FNDA:0,(anonymous_5)
FNDA:0,(anonymous_6)
FNDA:1,(anonymous_7)
FNDA:4,(anonymous_8)
FNDA:0,(anonymous_9)
FNDA:0,(anonymous_10)
FNDA:0,(anonymous_11)
FNDA:0,(anonymous_12)
FNDA:0,(anonymous_13)
FNDA:0,Repeat
FNDA:0,(anonymous_15)
FNDA:1,conjuctions
FNDA:10,(anonymous_17)
FNDA:11,(anonymous_18)
DA:1,10
DA:5,10
DA:7,10
DA:15,10
DA:17,2
DA:18,2
DA:19,2
DA:22,2
DA:23,2
DA:24,1
DA:26,1
DA:30,2
DA:31,1
DA:32,1
DA:33,1
DA:34,1
DA:35,3
DA:37,1
DA:39,3
DA:41,3
DA:43,3
DA:44,9
DA:49,1
DA:50,0
DA:51,0
DA:52,0
DA:57,2
DA:58,1
DA:59,1
DA:60,1
DA:61,1
DA:62,1
DA:63,1
DA:64,3
DA:65,3
DA:66,2
DA:71,2
DA:74,1
DA:76,4
DA:78,3
DA:79,3
DA:81,2
DA:83,2
DA:86,4
DA:87,1
DA:93,4
DA:94,9
DA:95,9
DA:96,8
DA:101,8
DA:106,1
DA:107,0
DA:108,0
DA:109,0
DA:110,0
DA:111,0
DA:123,10
DA:124,0
DA:126,0
DA:131,10
DA:132,1
DA:133,10
DA:134,11
DA:135,3
DA:136,8
DA:137,2
DA:139,6
LF:67
LH:57
BRDA:23,0,0,1
BRDA:23,0,1,1
BRDA:65,1,0,2
BRDA:79,2,0,2
BRDA:95,3,0,8
BRDA:126,4,0,0
BRDA:126,4,1,0
BRDA:134,5,0,3
BRDA:134,5,1,8
BRDA:135,6,0,3
BRDA:135,6,1,0
BRDA:136,7,0,2
BRDA:136,7,1,6
BRDA:137,8,0,2
BRDA:137,8,1,0
BRF:15
BRH:11
end_of_record
TN:
SF:src/components/Show.tsx
FN:17,(anonymous_0)
FN:19,(anonymous_1)
FN:20,(anonymous_2)
FN:33,Show
FN:34,(anonymous_4)
FNF:5
FNH:0
FNDA:0,(anonymous_0)
FNDA:0,(anonymous_1)
FNDA:0,(anonymous_2)
FNDA:0,Show
FNDA:0,(anonymous_4)
DA:7,10
DA:8,10
DA:16,10
DA:17,0
DA:19,0
DA:20,0
DA:22,0
DA:23,0
DA:33,10
DA:34,0
LF:10
LH:4
BRDA:34,0,0,0
BRDA:34,0,1,0
BRF:2
BRH:0
end_of_record
TN:
SF:src/components/Text.ts
FN:6,subscribeToSignal
FN:12,(anonymous_1)
FN:19,(anonymous_2)
FN:21,(anonymous_3)
FN:33,propFromChildren
FN:35,(anonymous_5)
FN:45,Text
FNF:7
FNH:4
FNDA:57,subscribeToSignal
FNDA:27,(anonymous_1)
FNDA:54,(anonymous_2)
FNDA:55,(anonymous_3)
FNDA:0,propFromChildren
FNDA:0,(anonymous_5)
FNDA:0,Text
DA:1,10
DA:6,10
DA:11,57
DA:12,57
DA:13,27
DA:14,27
DA:18,10
DA:19,54
DA:21,54
DA:22,55
DA:23,55
DA:34,0
DA:35,0
DA:36,0
DA:37,0
DA:39,0
DA:42,0
DA:45,10
DA:46,0
DA:47,0
LF:20
LH:12
BRDA:34,0,0,0
BRDA:36,1,0,0
BRF:2
BRH:0
end_of_record
TN:
SF:src/components/TextContent.ts
FN:7,(anonymous_0)
FN:9,(anonymous_1)
FN:13,(anonymous_2)
FN:16,(anonymous_3)
FN:29,TextContent
FNF:5
FNH:5
FNDA:3,(anonymous_0)
FNDA:3,(anonymous_1)
FNDA:4,(anonymous_2)
FNDA:1,(anonymous_3)
FNDA:3,TextContent
DA:6,10
DA:7,3
DA:9,3
DA:10,3
DA:11,3
DA:12,3
DA:13,3
DA:14,4
DA:16,3
DA:17,1
DA:18,1
DA:19,1
DA:29,10
DA:30,3
LF:14
LH:14
BRDA:12,0,0,3
BRDA:12,0,1,1
BRDA:14,1,0,4
BRDA:14,1,1,1
BRDA:18,2,0,1
BRF:5
BRH:5
end_of_record
TN:
SF:src/components/animatable.ts
FN:58,parseColorChannels
FN:103,parseBoxShadow
FN:133,boxShadowToString
FN:138,colorChannelsToString
FN:149,interpolateColor
FN:152,(anonymous_5)
FN:161,interpolateShadow
FN:164,(anonymous_7)
FN:174,getComputedAnimatableProp
FN:217,getComputedAnimatable
FN:229,applyAnimatableProp
FN:276,getInterpolate
FN:285,getColorInterpolation
FN:289,getShadowInterpolation
FN:293,applyInterpolatedAnimatableProp
FN:308,applyInterpolatedAnimatable
FN:317,applyAnimatable
FNF:17
FNH:6
FNDA:0,parseColorChannels
FNDA:0,parseBoxShadow
FNDA:0,boxShadowToString
FNDA:0,colorChannelsToString
FNDA:0,interpolateColor
FNDA:0,(anonymous_5)
FNDA:0,interpolateShadow
FNDA:0,(anonymous_7)
FNDA:3,getComputedAnimatableProp
FNDA:3,getComputedAnimatable
FNDA:34,applyAnimatableProp
FNDA:0,getInterpolate
FNDA:0,getColorInterpolation
FNDA:0,getShadowInterpolation
FNDA:33,applyInterpolatedAnimatableProp
FNDA:33,applyInterpolatedAnimatable
FNDA:1,applyAnimatable
DA:58,10
DA:59,0
DA:60,0
DA:61,0
DA:69,0
DA:70,0
DA:71,0
DA:79,0
DA:80,0
DA:81,0
DA:91,0
DA:104,0
DA:105,0
DA:107,0
DA:108,0
DA:118,0
DA:120,0
DA:121,0
DA:123,0
DA:134,0
DA:135,0
DA:138,10
DA:139,0
DA:140,0
DA:141,0
DA:142,0
DA:143,0
DA:144,0
DA:146,0
DA:149,10
DA:150,0
DA:151,0
DA:152,0
DA:153,0
DA:154,0
DA:155,0
DA:156,0
DA:157,0
DA:161,10
DA:162,0
DA:163,0
DA:164,0
DA:165,0
DA:166,0
DA:167,0
DA:168,0
DA:169,0
DA:170,0
DA:174,10
DA:175,3
DA:176,0
DA:177,3
DA:178,0
DA:179,3
DA:180,0
DA:181,3
DA:182,0
DA:183,3
DA:184,0
DA:185,3
DA:186,0
DA:187,3
DA:188,0
DA:189,3
DA:190,0
DA:191,3
DA:192,0
DA:193,3
DA:194,0
DA:195,3
DA:196,0
DA:197,3
DA:198,0
DA:199,3
DA:200,0
DA:201,3
DA:202,0
DA:203,3
DA:204,0
DA:205,3
DA:206,0
DA:207,3
DA:208,0
DA:209,3
DA:210,0
DA:211,3
DA:212,0
DA:214,3
DA:217,10
DA:218,3
DA:219,3
DA:220,3
DA:221,3
DA:222,3
DA:223,3
DA:226,3
DA:229,10
DA:230,34
DA:232,34
DA:233,0
DA:234,34
DA:235,0
DA:236,34
DA:237,0
DA:238,34
DA:239,0
DA:240,34
DA:241,0
DA:242,34
DA:243,0
DA:244,34
DA:245,0
DA:246,34
DA:247,0
DA:248,34
DA:249,0
DA:250,34
DA:251,0
DA:252,34
DA:253,0
DA:254,34
DA:255,0
DA:256,34
DA:257,0
DA:258,34
DA:259,0
DA:260,34
DA:261,0
DA:262,34
DA:263,0
DA:264,34
DA:265,0
DA:266,34
DA:267,0
DA:268,34
DA:269,0
DA:271,34
DA:274,10
DA:277,0
DA:278,0
DA:280,0
DA:281,0
DA:282,0
DA:286,0
DA:290,0
DA:293,10
DA:294,33
DA:295,33
DA:296,33
DA:297,33
DA:298,0
DA:299,0
DA:300,0
DA:301,0
DA:302,0
DA:303,0
DA:308,10
DA:309,33
DA:310,33
DA:311,33
DA:312,33
DA:313,33
DA:317,10
DA:318,1
DA:319,1
DA:320,1
DA:321,1
DA:322,1
LF:168
LH:73
BRDA:60,0,0,0
BRDA:60,0,1,0
BRDA:65,1,0,0
BRDA:65,1,1,0
BRDA:70,2,0,0
BRDA:70,2,1,0
BRDA:80,3,0,0
BRDA:85,4,0,0
BRDA:85,4,1,0
BRDA:107,5,0,0
BRDA:120,6,0,0
BRDA:120,6,1,0
BRDA:121,7,0,0
BRDA:121,7,1,0
BRDA:135,8,0,0
BRDA:135,8,1,0
BRDA:139,9,0,0
BRDA:139,9,1,0
BRDA:141,10,0,0
BRDA:141,10,1,0
BRDA:143,11,0,0
BRDA:175,12,0,0
BRDA:175,12,1,3
BRDA:177,13,0,0
BRDA:177,13,1,3
BRDA:179,14,0,0
BRDA:179,14,1,3
BRDA:181,15,0,0
BRDA:181,15,1,3
BRDA:183,16,0,0
BRDA:183,16,1,3
BRDA:185,17,0,0
BRDA:185,17,1,3
BRDA:187,18,0,0
BRDA:187,18,1,3
BRDA:189,19,0,0
BRDA:189,19,1,3
BRDA:191,20,0,0
BRDA:191,20,1,3
BRDA:193,21,0,0
BRDA:193,21,1,3
BRDA:195,22,0,0
BRDA:195,22,1,3
BRDA:197,23,0,0
BRDA:197,23,1,3
BRDA:199,24,0,0
BRDA:199,24,1,3
BRDA:201,25,0,0
BRDA:201,25,1,3
BRDA:203,26,0,0
BRDA:203,26,1,3
BRDA:205,27,0,0
BRDA:205,27,1,3
BRDA:207,28,0,0
BRDA:207,28,1,3
BRDA:209,29,0,0
BRDA:209,29,1,3
BRDA:211,30,0,0
BRDA:222,31,0,3
BRDA:230,32,0,0
BRDA:232,33,0,0
BRDA:232,33,1,34
BRDA:234,34,0,0
BRDA:234,34,1,34
BRDA:236,35,0,0
BRDA:236,35,1,34
BRDA:238,36,0,0
BRDA:238,36,1,34
BRDA:240,37,0,0
BRDA:240,37,1,34
BRDA:242,38,0,0
BRDA:242,38,1,34
BRDA:244,39,0,0
BRDA:244,39,1,34
BRDA:246,40,0,0
BRDA:246,40,1,34
BRDA:248,41,0,0
BRDA:248,41,1,34
BRDA:250,42,0,0
BRDA:250,42,1,34
BRDA:252,43,0,0
BRDA:252,43,1,34
BRDA:254,44,0,0
BRDA:254,44,1,34
BRDA:256,45,0,0
BRDA:256,45,1,34
BRDA:258,46,0,0
BRDA:258,46,1,34
BRDA:260,47,0,0
BRDA:260,47,1,34
BRDA:262,48,0,0
BRDA:262,48,1,34
BRDA:264,49,0,0
BRDA:264,49,1,34
BRDA:266,50,0,0
BRDA:266,50,1,34
BRDA:268,51,0,0
BRDA:277,52,0,0
BRDA:294,53,0,33
BRDA:294,54,0,33
BRDA:294,54,1,33
BRDA:295,55,0,33
BRDA:295,55,1,0
BRDA:295,56,0,33
BRDA:295,56,1,33
BRDA:298,57,0,0
BRDA:298,57,1,0
BRDA:298,58,0,0
BRDA:298,58,1,0
BRDA:301,59,0,0
BRDA:301,60,0,0
BRDA:301,60,1,0
BRDA:301,60,2,0
BRDA:301,60,3,0
BRDA:321,61,0,1
BRF:115
BRH:44
end_of_record
TN:
SF:src/helpers/handle-anchor-click.ts
FN:1,shouldNotApplyCallback
FN:47,(anonymous_1)
FN:54,(anonymous_2)
FNF:3
FNH:0
FNDA:0,shouldNotApplyCallback
FNDA:0,(anonymous_1)
FNDA:0,(anonymous_2)
DA:6,0
DA:7,0
DA:8,0
DA:10,0
DA:12,0
DA:16,0
DA:17,0
DA:22,0
DA:23,0
DA:26,0
DA:27,0
DA:30,0
DA:31,0
DA:32,0
DA:35,0
DA:39,0
DA:43,0
DA:46,10
DA:47,10
DA:54,0
DA:55,0
DA:56,0
DA:62,0
DA:63,0
LF:24
LH:2
BRDA:7,0,0,0
BRDA:7,0,1,0
BRDA:10,1,0,0
BRDA:16,2,0,0
BRDA:16,3,0,0
BRDA:16,3,1,0
BRDA:16,3,2,0
BRDA:22,4,0,0
BRDA:26,5,0,0
BRDA:30,6,0,0
BRDA:35,7,0,0
BRDA:36,8,0,0
BRDA:36,8,1,0
BRDA:36,8,2,0
BRDA:49,9,0,0
BRDA:56,10,0,0
BRDA:63,11,0,0
BRF:17
BRH:0
end_of_record
TN:
SF:src/helpers/handle-text-input.ts
FN:2,(anonymous_0)
FN:2,(anonymous_1)
FNF:2
FNH:0
FNDA:0,(anonymous_0)
FNDA:0,(anonymous_1)
DA:1,10
DA:2,10
DA:3,0
DA:4,0
LF:4
LH:2
BRDA:4,0,0,0
BRDA:4,0,1,0
BRF:2
BRH:0
end_of_record
TN:
SF:src/helpers/is-empty-element.ts
FN:3,isEmptyElement
FNF:1
FNH:0
FNDA:0,isEmptyElement
DA:3,10
DA:4,0
DA:5,0
DA:6,0
DA:8,0
LF:5
LH:1
BRDA:4,0,0,0
BRDA:5,1,0,0
BRDA:8,2,0,0
BRDA:8,2,1,0
BRF:4
BRH:0
end_of_record
TN:
SF:test/common.ts
FN:3,expectBody
FN:7,expectHead
FNF:2
FNH:1
FNDA:1,expectBody
FNDA:0,expectHead
DA:3,1
DA:4,1
DA:7,1
DA:8,0
LF:4
LH:3
BRF:0
BRH:0
end_of_record
